[2015-01-27 21:24:18.049] [DEBUG] push-logger - Send Msg to 1 msg= 提醒您今月运程（堵塞）能量（高）...，不宜做事，损失不大。   成败的现象，不过是事情在能量的作用下，在时间轴上的不同变化。此时正是调整的时机。
[2015-01-27 21:24:18.051] [DEBUG] push-logger - Send Msg to 1000 msg= 提醒您今月运程（堵塞）能量（高）...，不宜做事，损失不大。    堵塞更想扭转，能量高又会形成极大助力，此时最危险，结果往往越动越糟糕。
[2015-01-27 21:24:18.056] [DEBUG] push-logger - Send Msg to 13 msg=提醒您今日易头痛、多情浪荡...，多情本无所谓，放纵、浪荡就难免不为日后埋下祸端，头痛只是一种提醒，后面麻烦更大。
[2015-01-27 21:24:18.059] [DEBUG] push-logger - Send Msg to 1842 msg=提醒您今月运程（堵塞）能量（较低）．．．，不宜妄动。     “盛衰兴废，本气数之循环。”规律轮转，心中风轻云淡，忧愁化为平常心。
[2015-01-27 21:24:18.061] [DEBUG] push-logger - Send Msg to 1893 msg=提醒您今日易劳苦、火灾、父子反目...，劳苦不一定都是生活所迫，攀比同样会让我们劳苦。
[2015-01-27 21:24:18.061] [DEBUG] push-logger - Send Msg to 1894 msg=提醒您今日易劳苦、火灾、父子反目...，父母总把孩子当成私有财产，希望变成自己想要的样子，但他来到世间是带着自己的使命，不过是借了父母的身体。
[2015-01-27 21:24:18.061] [DEBUG] push-logger - Send Msg to 1918 msg=提醒您今日易劳碌、事多、常忧虑、家人身体不安...，不宜再主动招惹事非，只需忙好手边事即可。“只问耕耘，不问收获。”别太在意结果。
[2015-01-27 21:24:18.062] [DEBUG] push-logger - Send Msg to 1926 msg=提醒您今日易劳苦、火灾、父子反目...，投生到一个家中的人总有四种关系：讨债的，还债的，报恩的，抱怨的。
[2015-01-27 21:24:18.062] [DEBUG] push-logger - Send Msg to 1927 msg= 提醒您今月运程（堵塞）能量（较低）．．．，不宜妄动。     “厄运来时不能只看到烦恼，还要想起关怀。”你永远不会孤单，神灵在你左右。
[2015-01-27 21:24:18.062] [DEBUG] push-logger - Send Msg to 1954 msg=提醒您今月运程（堵塞）能量（较低）．．．，不宜妄动。      “小人昧理妄行，祸由己做”。坏时机要豁达安静，越妄动结果越糟糕。
[2015-01-27 21:24:18.063] [DEBUG] push-logger - Send Msg to 1976 msg=提醒您今日易劳苦、火灾、父子反目...，劳苦不一定都是生活所迫，攀比同样会让我们劳苦。
[2015-01-27 21:24:18.064] [DEBUG] push-logger - Send Msg to 3 msg=  提醒您今月运程（堵塞）能量（较低）．．．，不宜妄动。    “要对这个生灭无常的世间完全没有意见。”心中无怨气，是摆脱厄运的先决条件。
[2015-01-27 21:24:18.064] [DEBUG] push-logger - get push msg user count = 35
[2015-01-27 21:26:29.349] [DEBUG] push-logger - Send Msg to 1 msg= 提醒您今月运程（堵塞）能量（高）...，不宜做事，损失不大。   成败的现象，不过是事情在能量的作用下，在时间轴上的不同变化。此时正是调整的时机。
[2015-01-27 21:26:29.353] [DEBUG] push-logger - Send Msg to 1000 msg= 提醒您今月运程（堵塞）能量（高）...，不宜做事，损失不大。    堵塞更想扭转，能量高又会形成极大助力，此时最危险，结果往往越动越糟糕。
[2015-01-27 21:26:29.363] [DEBUG] push-logger - Send Msg to 1535 msg=提醒您今日易劳苦、火灾、父子反目...，父母总把孩子当成私有财产，希望变成自己想要的样子，但他来到世间是带着自己的使命，不过是借了父母的身体。
[2015-01-27 21:26:29.364] [DEBUG] push-logger - Send Msg to 1842 msg=提醒您今月运程（堵塞）能量（较低）．．．，不宜妄动。     “盛衰兴废，本气数之循环。”规律轮转，心中风轻云淡，忧愁化为平常心。
[2015-01-27 21:26:29.367] [DEBUG] push-logger - Send Msg to 1843 msg=提醒您今日易与上矛盾、先合后散、劳碌...，先合后散正是无常世间的一种表现。“贫可转富，贱能显贵，富可致贫，贵亦招灾。”
[2015-01-27 21:26:29.367] [DEBUG] push-logger - Send Msg to 1846 msg=提醒您今日易头痛、多情浪荡...，过多的情绪会扭曲对真相的看法，过少的情绪会形同草木。“多情多义真君子，无情无义大丈夫”。
[2015-01-27 21:26:29.368] [DEBUG] push-logger - Send Msg to 1847 msg=提醒您今日易劳苦、火灾、父子反目...，投生到一个家中的人总有四种关系：讨债的，还债的，报恩的，抱怨的。
[2015-01-27 21:26:29.369] [DEBUG] push-logger - Send Msg to 1893 msg=提醒您今日易劳苦、火灾、父子反目...，投生到一个家中的人总有四种关系：讨债的，还债的，报恩的，抱怨的。
[2015-01-27 21:26:29.369] [DEBUG] push-logger - Send Msg to 1894 msg=提醒您今日易劳苦、火灾、父子反目...，父母总把孩子当成私有财产，希望变成自己想要的样子，但他来到世间是带着自己的使命，不过是借了父母的身体。
[2015-01-27 21:26:29.369] [DEBUG] push-logger - Send Msg to 1918 msg=提醒您今日易劳碌、事多、常忧虑、家人身体不安...，不宜再主动招惹事非，只需忙好手边事即可。忧虑，多来自对未来的恐慌，却对解决问题无任何益处。
[2015-01-27 21:26:29.370] [DEBUG] push-logger - Send Msg to 1926 msg=提醒您今日易劳苦、火灾、父子反目...，劳苦不一定都是生活所迫，攀比同样会让我们劳苦。
[2015-01-27 21:26:29.370] [DEBUG] push-logger - Send Msg to 1927 msg= 提醒您今月运程（堵塞）能量（较低）．．．，不宜妄动。     “得凶象者，不知勤于省过。”坏运气正是自省的好时机，很快将峰回路转。 
[2015-01-27 21:26:29.370] [DEBUG] push-logger - Send Msg to 1954 msg=提醒您今月运程（堵塞）能量（较低）．．．，不宜妄动。      “小人昧理妄行，祸由己做”。坏时机要豁达安静，越妄动结果越糟糕。
[2015-01-27 21:26:29.371] [DEBUG] push-logger - Send Msg to 1974 msg=提醒您今日易劳苦、火灾、父子反目...，劳苦不一定都是生活所迫，攀比同样会让我们劳苦。
[2015-01-27 21:26:29.372] [DEBUG] push-logger - Send Msg to 3 msg=提醒您今月运程（堵塞）能量（较低）．．．，不宜妄动。     “不知义者，不足以知命。”知命并非宿命，努力、才智、修行同样可以改变命运。
[2015-01-27 21:26:29.372] [DEBUG] push-logger - get push msg user count = 35
[2015-01-27 21:40:23.471] [DEBUG] push-logger - Send Msg to 1 msg= 提醒您今月运程（堵塞）能量（高）...，不宜做事，损失不大。   成败的现象，不过是事情在能量的作用下，在时间轴上的不同变化。此时正是调整的时机。
[2015-01-27 21:40:23.473] [DEBUG] push-logger - Send Msg to 1000 msg= 提醒您今月运程（堵塞）能量（高）...，不宜做事，损失不大。   成败的现象，不过是事情在能量的作用下，在时间轴上的不同变化。此时正是调整的时机。
[2015-01-27 21:40:39.125] [DEBUG] push-logger - Send Msg to 1 msg=提醒您今日易与上矛盾、先合后散、劳碌...，抗上总被年轻人炫耀成个性，等到他哪天也变成上，就不这样认为了。谦逊与个性并不冲突。
[2015-01-27 21:40:39.128] [DEBUG] push-logger - Send Msg to 1000 msg=提醒您今日易与上矛盾、先合后散、劳碌...，先合后散正是无常世间的一种表现。“贫可转富，贱能显贵，富可致贫，贵亦招灾。”
[2015-01-27 21:40:39.132] [DEBUG] push-logger - Send Msg to 13 msg=提醒您今日易头痛、多情浪荡...，婚礼中，新人完全陶醉在喜悦的气氛中，却很少想到还有漫长的婚姻。多情总是会发展成头痛。
[2015-01-27 21:40:39.133] [DEBUG] push-logger - Send Msg to 1842 msg=提醒您今月运程（堵塞）能量（较低）．．．，不宜妄动。     “盛衰兴废，本气数之循环。”规律轮转，心中风轻云淡，忧愁化为平常心。
[2015-01-27 21:40:39.133] [DEBUG] push-logger - Send Msg to 1843 msg=提醒您今日易与上矛盾、先合后散、劳碌...，被差遣而劳顿，我们总是有许多无奈。但差遣我们的往往不是上司，而是我们的欲望。
[2015-01-27 21:40:39.134] [DEBUG] push-logger - Send Msg to 1846 msg=提醒您今日易头痛、多情浪荡...，过多的情绪会扭曲对真相的看法，过少的情绪会形同草木。“多情多义真君子，无情无义大丈夫”。
[2015-01-27 21:40:39.134] [DEBUG] push-logger - Send Msg to 1847 msg=提醒您今日易劳苦、火灾、父子反目...，劳苦不一定都是生活所迫，攀比同样会让我们劳苦。
[2015-01-27 21:40:39.134] [DEBUG] push-logger - Send Msg to 1893 msg=提醒您今日易劳苦、火灾、父子反目...，劳苦不一定都是生活所迫，攀比同样会让我们劳苦。
[2015-01-27 21:40:39.135] [DEBUG] push-logger - Send Msg to 1894 msg=提醒您今日易劳苦、火灾、父子反目...，投生到一个家中的人总有四种关系：讨债的，还债的，报恩的，抱怨的。
[2015-01-27 21:40:39.135] [DEBUG] push-logger - Send Msg to 1918 msg=提醒您今日易劳碌、事多、常忧虑、家人身体不安...，不宜再主动招惹事非，只需忙好手边事即可。劳碌伤身但不要伤心，做事最好过脑不过心，祝心安。
[2015-01-27 21:40:39.135] [DEBUG] push-logger - Send Msg to 1927 msg=提醒您今月运程（堵塞）能量（较低）．．．，不宜妄动。      “小人昧理妄行，祸由己做”。坏时机要豁达安静，越妄动结果越糟糕。
[2015-01-27 21:40:39.135] [DEBUG] push-logger - Send Msg to 1954 msg= 提醒您今月运程（堵塞）能量（较低）．．．，不宜妄动。     “厄运来时不能只看到烦恼，还要想起关怀。”你永远不会孤单，神灵在你左右。
[2015-01-27 21:40:39.136] [DEBUG] push-logger - Send Msg to 1974 msg=提醒您今日易劳苦、火灾、父子反目...，父母总把孩子当成私有财产，希望变成自己想要的样子，但他来到世间是带着自己的使命，不过是借了父母的身体。
[2015-01-27 21:40:39.137] [DEBUG] push-logger - Send Msg to 3 msg= 提醒您今月运程（堵塞）能量（较低）．．．，不宜妄动。     “厄运来时不能只看到烦恼，还要想起关怀。”你永远不会孤单，神灵在你左右。
[2015-01-27 21:40:39.137] [DEBUG] push-logger - get push msg user count = 35
[2015-01-27 21:40:57.964] [DEBUG] push-logger - Send Msg to 1 msg=提醒您今月运程（堵塞）能量（高）...，不宜做事，损失不大。    能量高可以弥补运程的不足，但切记勿在运程差时妄动，要积蓄力量，静观其变。
[2015-01-27 21:40:57.968] [DEBUG] push-logger - Send Msg to 13 msg=提醒您今日易头痛、多情浪荡...，婚礼中，新人完全陶醉在喜悦的气氛中，却很少想到还有漫长的婚姻。多情总是会发展成头痛。
[2015-01-27 21:40:57.969] [DEBUG] push-logger - Send Msg to 1842 msg=提醒您今月运程（堵塞）能量（较低）．．．，不宜妄动。     “不知义者，不足以知命。”知命并非宿命，努力、才智、修行同样可以改变命运。
[2015-01-27 21:40:57.969] [DEBUG] push-logger - Send Msg to 1843 msg=提醒您今日易与上矛盾、先合后散、劳碌...，抗上总被年轻人炫耀成个性，等到他哪天也变成上，就不这样认为了。谦逊与个性并不冲突。
[2015-01-27 21:40:57.970] [DEBUG] push-logger - Send Msg to 1846 msg=提醒您今日易头痛、多情浪荡...，过多的情绪会扭曲对真相的看法，过少的情绪会形同草木。“多情多义真君子，无情无义大丈夫”。
[2015-01-27 21:40:57.970] [DEBUG] push-logger - Send Msg to 1847 msg=提醒您今日易劳苦、火灾、父子反目...，投生到一个家中的人总有四种关系：讨债的，还债的，报恩的，抱怨的。
[2015-01-27 21:40:57.971] [DEBUG] push-logger - Send Msg to 1893 msg=提醒您今日易劳苦、火灾、父子反目...，父母总把孩子当成私有财产，希望变成自己想要的样子，但他来到世间是带着自己的使命，不过是借了父母的身体。
[2015-01-27 21:40:57.971] [DEBUG] push-logger - Send Msg to 1894 msg=提醒您今日易劳苦、火灾、父子反目...，投生到一个家中的人总有四种关系：讨债的，还债的，报恩的，抱怨的。
[2015-01-27 21:40:57.971] [DEBUG] push-logger - Send Msg to 1918 msg=提醒您今日易劳碌、事多、常忧虑、家人身体不安...，不宜再主动招惹事非，只需忙好手边事即可。“只问耕耘，不问收获。”别太在意结果。
[2015-01-27 21:40:57.971] [DEBUG] push-logger - Send Msg to 1926 msg=提醒您今日易劳苦、火灾、父子反目...，投生到一个家中的人总有四种关系：讨债的，还债的，报恩的，抱怨的。
[2015-01-27 21:40:57.971] [DEBUG] push-logger - Send Msg to 1927 msg= 提醒您今月运程（堵塞）能量（较低）．．．，不宜妄动。“命不能求其理，弱者多自暴自弃。”上苍要给你礼物，总是用苦来做包装。
[2015-01-27 21:40:57.972] [DEBUG] push-logger - Send Msg to 1954 msg= 提醒您今月运程（堵塞）能量（较低）．．．，不宜妄动。    “跟命运抗拒的人，是不智的人。”先平静再思考，择机而动，心勿燥动，慌不择路。
[2015-01-27 21:40:57.972] [DEBUG] push-logger - Send Msg to 1974 msg=提醒您今日易劳苦、火灾、父子反目...，父母总把孩子当成私有财产，希望变成自己想要的样子，但他来到世间是带着自己的使命，不过是借了父母的身体。
[2015-01-27 21:40:57.972] [DEBUG] push-logger - Send Msg to 1976 msg=提醒您今日易劳苦、火灾、父子反目...，投生到一个家中的人总有四种关系：讨债的，还债的，报恩的，抱怨的。
[2015-01-27 21:40:57.973] [DEBUG] push-logger - Send Msg to 3 msg= 提醒您今月运程（堵塞）能量（较低）．．．，不宜妄动。     “得凶象者，不知勤于省过。”坏运气正是自省的好时机，很快将峰回路转。 
[2015-01-27 21:40:57.973] [DEBUG] push-logger - get push msg user count = 35
[2015-01-27 21:42:55.388] [DEBUG] push-logger - Send Msg to 1 msg=提醒您今月运程（堵塞）能量（高）...，不宜做事，损失不大。    能量高可以弥补运程的不足，但切记勿在运程差时妄动，要积蓄力量，静观其变。
[2015-01-27 21:42:55.393] [DEBUG] push-logger - Send Msg to 1000 msg= 提醒您今月运程（堵塞）能量（高）...，不宜做事，损失不大。   成败的现象，不过是事情在能量的作用下，在时间轴上的不同变化。此时正是调整的时机。
[2015-01-27 21:42:55.400] [DEBUG] push-logger - Send Msg to 13 msg=提醒您今日易头痛、多情浪荡...，多情本无所谓，放纵、浪荡就难免不为日后埋下祸端，头痛只是一种提醒，后面麻烦更大。
[2015-01-27 21:42:55.401] [DEBUG] push-logger - Send Msg to 1535 msg=提醒您今日易劳苦、火灾、父子反目...，劳苦不一定都是生活所迫，攀比同样会让我们劳苦。
[2015-01-27 21:42:55.401] [DEBUG] push-logger - Send Msg to 1842 msg= 提醒您今月运程（堵塞）能量（较低）．．．，不宜妄动。     “厄运来时不能只看到烦恼，还要想起关怀。”你永远不会孤单，神灵在你左右。
[2015-01-27 21:42:55.402] [DEBUG] push-logger - Send Msg to 1843 msg=提醒您今日易与上矛盾、先合后散、劳碌...，先合后散正是无常世间的一种表现。“贫可转富，贱能显贵，富可致贫，贵亦招灾。”
[2015-01-27 21:42:55.402] [DEBUG] push-logger - Send Msg to 1847 msg=提醒您今日易劳苦、火灾、父子反目...，投生到一个家中的人总有四种关系：讨债的，还债的，报恩的，抱怨的。
[2015-01-27 21:42:55.403] [DEBUG] push-logger - Send Msg to 1918 msg=提醒您今日易劳碌、事多、常忧虑、家人身体不安...，不宜再主动招惹事非，只需忙好手边事即可。忧虑，多来自对未来的恐慌，却对解决问题无任何益处。
[2015-01-27 21:42:55.403] [DEBUG] push-logger - Send Msg to 1927 msg= 提醒您今月运程（堵塞）能量（较低）．．．，不宜妄动。“命不能求其理，弱者多自暴自弃。”上苍要给你礼物，总是用苦来做包装。
[2015-01-27 21:42:55.404] [DEBUG] push-logger - Send Msg to 1954 msg=  提醒您今月运程（堵塞）能量（较低）．．．，不宜妄动。    “要对这个生灭无常的世间完全没有意见。”心中无怨气，是摆脱厄运的先决条件。
[2015-01-27 21:42:55.404] [DEBUG] push-logger - Send Msg to 1974 msg=提醒您今日易劳苦、火灾、父子反目...，劳苦不一定都是生活所迫，攀比同样会让我们劳苦。
[2015-01-27 21:42:55.405] [DEBUG] push-logger - Send Msg to 3 msg= 提醒您今月运程（堵塞）能量（较低）．．．，不宜妄动。    “跟命运抗拒的人，是不智的人。”先平静再思考，择机而动，心勿燥动，慌不择路。
[2015-01-27 21:42:55.405] [DEBUG] push-logger - get push msg user count = 35
[2015-01-27 21:44:44.449] [DEBUG] push-logger - Send Msg to 1 msg= 提醒您今月运程（堵塞）能量（高）...，不宜做事，损失不大。   成败的现象，不过是事情在能量的作用下，在时间轴上的不同变化。此时正是调整的时机。
[2015-01-27 21:44:44.451] [DEBUG] push-logger - Send Msg to 1000 msg=提醒您今月运程（堵塞）能量（高）...，不宜做事，损失不大。    能量高可以弥补运程的不足，但切记勿在运程差时妄动，要积蓄力量，静观其变。
[2015-01-27 21:44:44.459] [DEBUG] push-logger - Send Msg to 13 msg=提醒您今日易头痛、多情浪荡...，过多的情绪会扭曲对真相的看法，过少的情绪会形同草木。“多情多义真君子，无情无义大丈夫”。
[2015-01-27 21:44:44.463] [DEBUG] push-logger - Send Msg to 1535 msg=提醒您今日易劳苦、火灾、父子反目...，父母总把孩子当成私有财产，希望变成自己想要的样子，但他来到世间是带着自己的使命，不过是借了父母的身体。
[2015-01-27 21:44:44.463] [DEBUG] push-logger - Send Msg to 1842 msg= 提醒您今月运程（堵塞）能量（较低）．．．，不宜妄动。“命不能求其理，弱者多自暴自弃。”上苍要给你礼物，总是用苦来做包装。
[2015-01-27 21:44:44.464] [DEBUG] push-logger - Send Msg to 1843 msg=提醒您今日易与上矛盾、先合后散、劳碌...，先合后散正是无常世间的一种表现。“贫可转富，贱能显贵，富可致贫，贵亦招灾。”
[2015-01-27 21:44:44.464] [DEBUG] push-logger - Send Msg to 1846 msg=提醒您今日易头痛、多情浪荡...，过多的情绪会扭曲对真相的看法，过少的情绪会形同草木。“多情多义真君子，无情无义大丈夫”。
[2015-01-27 21:44:44.465] [DEBUG] push-logger - Send Msg to 1847 msg=提醒您今日易劳苦、火灾、父子反目...，投生到一个家中的人总有四种关系：讨债的，还债的，报恩的，抱怨的。
[2015-01-27 21:44:44.466] [DEBUG] push-logger - Send Msg to 1893 msg=提醒您今日易劳苦、火灾、父子反目...，劳苦不一定都是生活所迫，攀比同样会让我们劳苦。
[2015-01-27 21:44:44.467] [DEBUG] push-logger - Send Msg to 1918 msg=提醒您今日易劳碌、事多、常忧虑、家人身体不安...，不宜再主动招惹事非，只需忙好手边事即可。忧虑，多来自对未来的恐慌，却对解决问题无任何益处。
[2015-01-27 21:44:44.467] [DEBUG] push-logger - Send Msg to 1926 msg=提醒您今日易劳苦、火灾、父子反目...，劳苦不一定都是生活所迫，攀比同样会让我们劳苦。
[2015-01-27 21:44:44.467] [DEBUG] push-logger - Send Msg to 1927 msg=提醒您今月运程（堵塞）能量（较低）．．．，不宜妄动。     “盛衰兴废，本气数之循环。”规律轮转，心中风轻云淡，忧愁化为平常心。
[2015-01-27 21:44:44.468] [DEBUG] push-logger - Send Msg to 1954 msg= 提醒您今月运程（堵塞）能量（较低）．．．，不宜妄动。    “跟命运抗拒的人，是不智的人。”先平静再思考，择机而动，心勿燥动，慌不择路。
[2015-01-27 21:44:44.468] [DEBUG] push-logger - Send Msg to 1974 msg=提醒您今日易劳苦、火灾、父子反目...，劳苦不一定都是生活所迫，攀比同样会让我们劳苦。
[2015-01-27 21:44:44.470] [DEBUG] push-logger - Send Msg to 3 msg=提醒您今月运程（堵塞）能量（较低）．．．，不宜妄动。      “小人昧理妄行，祸由己做”。坏时机要豁达安静，越妄动结果越糟糕。
[2015-01-27 21:44:44.470] [DEBUG] push-logger - get push msg user count = 35
[2015-01-27 21:44:55.350] [DEBUG] push-logger - Send Msg to 1 msg= 提醒您今月运程（堵塞）能量（高）...，不宜做事，损失不大。    堵塞更想扭转，能量高又会形成极大助力，此时最危险，结果往往越动越糟糕。
[2015-01-27 21:44:55.358] [DEBUG] push-logger - Send Msg to 1000 msg=提醒您今月运程（堵塞）能量（高）...，不宜做事，损失不大。    能量高可以弥补运程的不足，但切记勿在运程差时妄动，要积蓄力量，静观其变。
[2015-01-27 21:44:55.369] [DEBUG] push-logger - Send Msg to 13 msg=提醒您今日易头痛、多情浪荡...，婚礼中，新人完全陶醉在喜悦的气氛中，却很少想到还有漫长的婚姻。多情总是会发展成头痛。
[2015-01-27 21:44:55.370] [DEBUG] push-logger - Send Msg to 1842 msg=提醒您今月运程（堵塞）能量（较低）．．．，不宜妄动。     “不知义者，不足以知命。”知命并非宿命，努力、才智、修行同样可以改变命运。
[2015-01-27 21:44:55.371] [DEBUG] push-logger - Send Msg to 1843 msg=提醒您今日易与上矛盾、先合后散、劳碌...，抗上总被年轻人炫耀成个性，等到他哪天也变成上，就不这样认为了。谦逊与个性并不冲突。
[2015-01-27 21:44:55.371] [DEBUG] push-logger - Send Msg to 1846 msg=提醒您今日易头痛、多情浪荡...，过多的情绪会扭曲对真相的看法，过少的情绪会形同草木。“多情多义真君子，无情无义大丈夫”。
[2015-01-27 21:44:55.372] [DEBUG] push-logger - Send Msg to 1893 msg=提醒您今日易劳苦、火灾、父子反目...，父母总把孩子当成私有财产，希望变成自己想要的样子，但他来到世间是带着自己的使命，不过是借了父母的身体。
[2015-01-27 21:44:55.372] [DEBUG] push-logger - Send Msg to 1918 msg=提醒您今日易劳碌、事多、常忧虑、家人身体不安...，不宜再主动招惹事非，只需忙好手边事即可。忧虑，多来自对未来的恐慌，却对解决问题无任何益处。
[2015-01-27 21:44:55.373] [DEBUG] push-logger - Send Msg to 1926 msg=提醒您今日易劳苦、火灾、父子反目...，父母总把孩子当成私有财产，希望变成自己想要的样子，但他来到世间是带着自己的使命，不过是借了父母的身体。
[2015-01-27 21:44:55.373] [DEBUG] push-logger - Send Msg to 1927 msg=提醒您今月运程（堵塞）能量（较低）．．．，不宜妄动。“日有中昃，月有亏盈，地有旺衰，家有变更，天道之常，物无遁情。” 皆为过眼云烟，终无所得。
[2015-01-27 21:44:55.373] [DEBUG] push-logger - Send Msg to 1954 msg=提醒您今月运程（堵塞）能量（较低）．．．，不宜妄动。     “不知义者，不足以知命。”知命并非宿命，努力、才智、修行同样可以改变命运。
[2015-01-27 21:44:55.373] [DEBUG] push-logger - Send Msg to 1974 msg=提醒您今日易劳苦、火灾、父子反目...，投生到一个家中的人总有四种关系：讨债的，还债的，报恩的，抱怨的。
[2015-01-27 21:44:55.374] [DEBUG] push-logger - Send Msg to 1976 msg=提醒您今日易劳苦、火灾、父子反目...，父母总把孩子当成私有财产，希望变成自己想要的样子，但他来到世间是带着自己的使命，不过是借了父母的身体。
[2015-01-27 21:44:55.374] [DEBUG] push-logger - Send Msg to 3 msg=提醒您今月运程（堵塞）能量（较低）．．．，不宜妄动。      “小人昧理妄行，祸由己做”。坏时机要豁达安静，越妄动结果越糟糕。
[2015-01-27 21:44:55.375] [DEBUG] push-logger - get push msg user count = 35
[2015-01-27 21:45:43.740] [DEBUG] push-logger - Send Msg to 1 msg= 提醒您今月运程（堵塞）能量（高）...，不宜做事，损失不大。    堵塞更想扭转，能量高又会形成极大助力，此时最危险，结果往往越动越糟糕。
[2015-01-27 21:45:43.743] [DEBUG] push-logger - Send Msg to 1000 msg= 提醒您今月运程（堵塞）能量（高）...，不宜做事，损失不大。   成败的现象，不过是事情在能量的作用下，在时间轴上的不同变化。此时正是调整的时机。
[2015-01-27 21:45:43.747] [DEBUG] push-logger - Send Msg to 1535 msg=提醒您今日易劳苦、火灾、父子反目...，劳苦不一定都是生活所迫，攀比同样会让我们劳苦。
[2015-01-27 21:45:43.748] [DEBUG] push-logger - Send Msg to 1842 msg= 提醒您今月运程（堵塞）能量（较低）．．．，不宜妄动。     “厄运来时不能只看到烦恼，还要想起关怀。”你永远不会孤单，神灵在你左右。
[2015-01-27 21:45:43.748] [DEBUG] push-logger - Send Msg to 1843 msg=提醒您今日易与上矛盾、先合后散、劳碌...，被差遣而劳顿，我们总是有许多无奈。但差遣我们的往往不是上司，而是我们的欲望。
[2015-01-27 21:45:43.749] [DEBUG] push-logger - Send Msg to 1846 msg=提醒您今日易头痛、多情浪荡...，婚礼中，新人完全陶醉在喜悦的气氛中，却很少想到还有漫长的婚姻。多情总是会发展成头痛。
[2015-01-27 21:45:43.749] [DEBUG] push-logger - Send Msg to 1847 msg=提醒您今日易劳苦、火灾、父子反目...，父母总把孩子当成私有财产，希望变成自己想要的样子，但他来到世间是带着自己的使命，不过是借了父母的身体。
[2015-01-27 21:45:43.749] [DEBUG] push-logger - Send Msg to 1893 msg=提醒您今日易劳苦、火灾、父子反目...，劳苦不一定都是生活所迫，攀比同样会让我们劳苦。
[2015-01-27 21:45:43.750] [DEBUG] push-logger - Send Msg to 1894 msg=提醒您今日易劳苦、火灾、父子反目...，父母总把孩子当成私有财产，希望变成自己想要的样子，但他来到世间是带着自己的使命，不过是借了父母的身体。
[2015-01-27 21:45:43.750] [DEBUG] push-logger - Send Msg to 1927 msg= 提醒您今月运程（堵塞）能量（较低）．．．，不宜妄动。“命不能求其理，弱者多自暴自弃。”上苍要给你礼物，总是用苦来做包装。
[2015-01-27 21:45:43.750] [DEBUG] push-logger - Send Msg to 1954 msg=提醒您今日易官非、父子反目、社会关系紧张...，投生到一个家庭，无非是四种关系，讨债的、还债的、报恩的、抱怨的，人世间增加一种，无债无恩怨的。
[2015-01-27 21:45:43.751] [DEBUG] push-logger - Send Msg to 1974 msg=提醒您今日易劳苦、火灾、父子反目...，父母总把孩子当成私有财产，希望变成自己想要的样子，但他来到世间是带着自己的使命，不过是借了父母的身体。
[2015-01-27 21:45:43.752] [DEBUG] push-logger - Send Msg to 3 msg=提醒您今日易官非、父子反目、社会关系紧张...，紧张的社会关系，起因常是满足自我欲望的同时伤害了别人。“行少欲者，心则坦然，无有忧畏。”
[2015-01-27 21:45:43.752] [DEBUG] push-logger - get push msg user count = 35
[2015-01-27 22:18:38.641] [DEBUG] push-logger - Send Msg to 1 msg=提醒您今月运程（堵塞）能量（高）...，不宜做事，损失不大。    能量高可以弥补运程的不足，但切记勿在运程差时妄动，要积蓄力量，静观其变。
[2015-01-27 22:18:38.644] [DEBUG] push-logger - Send Msg to 1000 msg= 提醒您今月运程（堵塞）能量（高）...，不宜做事，损失不大。    堵塞更想扭转，能量高又会形成极大助力，此时最危险，结果往往越动越糟糕。
[2015-01-27 22:18:38.649] [DEBUG] push-logger - Send Msg to 13 msg=提醒您今日易头痛、多情浪荡...，婚礼中，新人完全陶醉在喜悦的气氛中，却很少想到还有漫长的婚姻。多情总是会发展成头痛。
[2015-01-27 22:18:38.650] [DEBUG] push-logger - Send Msg to 1535 msg=提醒您今日易劳苦、火灾、父子反目...，劳苦不一定都是生活所迫，攀比同样会让我们劳苦。
[2015-01-27 22:18:38.650] [DEBUG] push-logger - Send Msg to 1842 msg=  提醒您今月运程（堵塞）能量（较低）．．．，不宜妄动。    “要对这个生灭无常的世间完全没有意见。”心中无怨气，是摆脱厄运的先决条件。
[2015-01-27 22:18:38.650] [DEBUG] push-logger - Send Msg to 1843 msg=提醒您今日易与上矛盾、先合后散、劳碌...，被差遣而劳顿，我们总是有许多无奈。但差遣我们的往往不是上司，而是我们的欲望。
[2015-01-27 22:18:38.651] [DEBUG] push-logger - Send Msg to 1893 msg=提醒您今日易劳苦、火灾、父子反目...，劳苦不一定都是生活所迫，攀比同样会让我们劳苦。
[2015-01-27 22:18:38.651] [DEBUG] push-logger - Send Msg to 1894 msg=提醒您今日易劳苦、火灾、父子反目...，劳苦不一定都是生活所迫，攀比同样会让我们劳苦。
[2015-01-27 22:18:38.652] [DEBUG] push-logger - Send Msg to 1918 msg=提醒您今日易劳碌、事多、常忧虑、家人身体不安...，不宜再主动招惹事非，只需忙好手边事即可。忧虑，多来自对未来的恐慌，却对解决问题无任何益处。
[2015-01-27 22:18:38.652] [DEBUG] push-logger - Send Msg to 1926 msg=提醒您今日易劳苦、火灾、父子反目...，父母总把孩子当成私有财产，希望变成自己想要的样子，但他来到世间是带着自己的使命，不过是借了父母的身体。
[2015-01-27 22:18:38.652] [DEBUG] push-logger - Send Msg to 1927 msg=提醒您今日易官非、父子反目、社会关系紧张...，父母总把孩子当成私有财产，希望变成自己想要的样子，但他来到世间是带着自己的使命，不过是借了父母的身体。
[2015-01-27 22:18:38.652] [DEBUG] push-logger - Send Msg to 1954 msg= 提醒您今月运程（堵塞）能量（较低）．．．，不宜妄动。“命不能求其理，弱者多自暴自弃。”上苍要给你礼物，总是用苦来做包装。
[2015-01-27 22:18:38.653] [DEBUG] push-logger - Send Msg to 1974 msg=提醒您今日易劳苦、火灾、父子反目...，父母总把孩子当成私有财产，希望变成自己想要的样子，但他来到世间是带着自己的使命，不过是借了父母的身体。
[2015-01-27 22:18:38.653] [DEBUG] push-logger - Send Msg to 3 msg=提醒您今月运程（堵塞）能量（较低）．．．，不宜妄动。      “小人昧理妄行，祸由己做”。坏时机要豁达安静，越妄动结果越糟糕。
[2015-01-27 22:18:38.653] [DEBUG] push-logger - get push msg user count = 35
[2015-01-27 22:20:54.522] [DEBUG] push-logger - Send Msg to 1 msg= 提醒您今月运程（堵塞）能量（高）...，不宜做事，损失不大。    堵塞更想扭转，能量高又会形成极大助力，此时最危险，结果往往越动越糟糕。
[2015-01-27 22:20:54.528] [DEBUG] push-logger - Send Msg to 1000 msg= 提醒您今月运程（堵塞）能量（高）...，不宜做事，损失不大。   成败的现象，不过是事情在能量的作用下，在时间轴上的不同变化。此时正是调整的时机。
[2015-01-27 22:20:54.535] [DEBUG] push-logger - Send Msg to 1842 msg= 提醒您今月运程（堵塞）能量（较低）．．．，不宜妄动。    “跟命运抗拒的人，是不智的人。”先平静再思考，择机而动，心勿燥动，慌不择路。
[2015-01-27 22:20:54.535] [DEBUG] push-logger - Send Msg to 1846 msg=提醒您今日易头痛、多情浪荡...，过多的情绪会扭曲对真相的看法，过少的情绪会形同草木。“多情多义真君子，无情无义大丈夫”。
[2015-01-27 22:20:54.537] [DEBUG] push-logger - Send Msg to 1918 msg=提醒您今日易劳碌、事多、常忧虑、家人身体不安...，不宜再主动招惹事非，只需忙好手边事即可。忧虑，多来自对未来的恐慌，却对解决问题无任何益处。
[2015-01-27 22:20:54.537] [DEBUG] push-logger - Send Msg to 1926 msg=提醒您今日易劳苦、火灾、父子反目...，父母总把孩子当成私有财产，希望变成自己想要的样子，但他来到世间是带着自己的使命，不过是借了父母的身体。
[2015-01-27 22:20:54.537] [DEBUG] push-logger - Send Msg to 1927 msg=提醒您今月运程（堵塞）能量（较低）．．．，不宜妄动。     “不知义者，不足以知命。”知命并非宿命，努力、才智、修行同样可以改变命运。
[2015-01-27 22:20:54.538] [DEBUG] push-logger - Send Msg to 1954 msg= 提醒您今月运程（堵塞）能量（较低）．．．，不宜妄动。     “厄运来时不能只看到烦恼，还要想起关怀。”你永远不会孤单，神灵在你左右。
[2015-01-27 22:20:54.538] [DEBUG] push-logger - Send Msg to 1976 msg=提醒您今日易劳苦、火灾、父子反目...，投生到一个家中的人总有四种关系：讨债的，还债的，报恩的，抱怨的。
[2015-01-27 22:20:54.539] [DEBUG] push-logger - Send Msg to 3 msg= 提醒您今月运程（堵塞）能量（较低）．．．，不宜妄动。“命不能求其理，弱者多自暴自弃。”上苍要给你礼物，总是用苦来做包装。
[2015-01-27 22:20:54.539] [DEBUG] push-logger - get push msg user count = 35
[2015-01-27 22:48:08.130] [DEBUG] push-logger - Send Msg to 1 msg=提醒您今日易与上矛盾、先合后散、劳碌...，抗上总被年轻人炫耀成个性，等到他哪天也变成上，就不这样认为了。谦逊与个性并不冲突。
[2015-01-27 22:48:08.134] [DEBUG] push-logger - Send Msg to 1000 msg= 提醒您今月运程（堵塞）能量（高）...，不宜做事，损失不大。   成败的现象，不过是事情在能量的作用下，在时间轴上的不同变化。此时正是调整的时机。
[2015-01-27 22:48:08.139] [DEBUG] push-logger - Send Msg to 13 msg=提醒您今日易头痛、多情浪荡...，过多的情绪会扭曲对真相的看法，过少的情绪会形同草木。“多情多义真君子，无情无义大丈夫”。
[2015-01-27 22:48:08.140] [DEBUG] push-logger - Send Msg to 1535 msg=提醒您今日易劳苦、火灾、父子反目...，投生到一个家中的人总有四种关系：讨债的，还债的，报恩的，抱怨的。
[2015-01-27 22:48:08.141] [DEBUG] push-logger - Send Msg to 1842 msg=提醒您今月运程（堵塞）能量（较低）．．．，不宜妄动。“日有中昃，月有亏盈，地有旺衰，家有变更，天道之常，物无遁情。” 皆为过眼云烟，终无所得。
[2015-01-27 22:48:08.141] [DEBUG] push-logger - Send Msg to 1846 msg=提醒您今日易头痛、多情浪荡...，婚礼中，新人完全陶醉在喜悦的气氛中，却很少想到还有漫长的婚姻。多情总是会发展成头痛。
[2015-01-27 22:48:08.141] [DEBUG] push-logger - Send Msg to 1847 msg=提醒您今日易劳苦、火灾、父子反目...，劳苦不一定都是生活所迫，攀比同样会让我们劳苦。
[2015-01-27 22:48:08.142] [DEBUG] push-logger - Send Msg to 1893 msg=提醒您今日易劳苦、火灾、父子反目...，劳苦不一定都是生活所迫，攀比同样会让我们劳苦。
[2015-01-27 22:48:08.143] [DEBUG] push-logger - Send Msg to 1894 msg=提醒您今日易劳苦、火灾、父子反目...，投生到一个家中的人总有四种关系：讨债的，还债的，报恩的，抱怨的。
[2015-01-27 22:48:08.143] [DEBUG] push-logger - Send Msg to 1918 msg=提醒您今日易劳碌、事多、常忧虑、家人身体不安...，不宜再主动招惹事非，只需忙好手边事即可。忧虑，多来自对未来的恐慌，却对解决问题无任何益处。
[2015-01-27 22:48:08.143] [DEBUG] push-logger - Send Msg to 1926 msg=提醒您今日易劳苦、火灾、父子反目...，投生到一个家中的人总有四种关系：讨债的，还债的，报恩的，抱怨的。
[2015-01-27 22:48:08.144] [DEBUG] push-logger - Send Msg to 1954 msg=提醒您今月运程（堵塞）能量（较低）．．．，不宜妄动。     “不知义者，不足以知命。”知命并非宿命，努力、才智、修行同样可以改变命运。
[2015-01-27 22:48:08.145] [DEBUG] push-logger - Send Msg to 1976 msg=提醒您今日易劳苦、火灾、父子反目...，投生到一个家中的人总有四种关系：讨债的，还债的，报恩的，抱怨的。
[2015-01-27 22:48:08.145] [DEBUG] push-logger - Send Msg to 3 msg=  提醒您今月运程（堵塞）能量（较低）．．．，不宜妄动。    “要对这个生灭无常的世间完全没有意见。”心中无怨气，是摆脱厄运的先决条件。
[2015-01-27 22:48:08.146] [DEBUG] push-logger - get push msg user count = 35
[2015-01-27 22:48:51.098] [DEBUG] push-logger - Send Msg to 1 msg= 提醒您今月运程（堵塞）能量（高）...，不宜做事，损失不大。   成败的现象，不过是事情在能量的作用下，在时间轴上的不同变化。此时正是调整的时机。
[2015-01-27 22:48:51.100] [DEBUG] push-logger - Send Msg to 1000 msg= 提醒您今月运程（堵塞）能量（高）...，不宜做事，损失不大。    堵塞更想扭转，能量高又会形成极大助力，此时最危险，结果往往越动越糟糕。
[2015-01-27 22:48:51.104] [DEBUG] push-logger - Send Msg to 13 msg=提醒您今日易头痛、多情浪荡...，过多的情绪会扭曲对真相的看法，过少的情绪会形同草木。“多情多义真君子，无情无义大丈夫”。
[2015-01-27 22:48:51.106] [DEBUG] push-logger - Send Msg to 1535 msg=提醒您今日易劳苦、火灾、父子反目...，投生到一个家中的人总有四种关系：讨债的，还债的，报恩的，抱怨的。
[2015-01-27 22:48:51.107] [DEBUG] push-logger - Send Msg to 1842 msg= 提醒您今月运程（堵塞）能量（较低）．．．，不宜妄动。“命不能求其理，弱者多自暴自弃。”上苍要给你礼物，总是用苦来做包装。
[2015-01-27 22:48:51.107] [DEBUG] push-logger - Send Msg to 1843 msg=提醒您今日易与上矛盾、先合后散、劳碌...，抗上总被年轻人炫耀成个性，等到他哪天也变成上，就不这样认为了。谦逊与个性并不冲突。
[2015-01-27 22:48:51.107] [DEBUG] push-logger - Send Msg to 1846 msg=提醒您今日易头痛、多情浪荡...，过多的情绪会扭曲对真相的看法，过少的情绪会形同草木。“多情多义真君子，无情无义大丈夫”。
[2015-01-27 22:48:51.108] [DEBUG] push-logger - Send Msg to 1847 msg=提醒您今日易劳苦、火灾、父子反目...，父母总把孩子当成私有财产，希望变成自己想要的样子，但他来到世间是带着自己的使命，不过是借了父母的身体。
[2015-01-27 22:48:51.108] [DEBUG] push-logger - Send Msg to 1893 msg=提醒您今日易劳苦、火灾、父子反目...，劳苦不一定都是生活所迫，攀比同样会让我们劳苦。
[2015-01-27 22:48:51.108] [DEBUG] push-logger - Send Msg to 1918 msg=提醒您今日易劳碌、事多、常忧虑、家人身体不安...，不宜再主动招惹事非，只需忙好手边事即可。劳碌伤身但不要伤心，做事最好过脑不过心，祝心安。
[2015-01-27 22:48:51.109] [DEBUG] push-logger - Send Msg to 1927 msg=提醒您今月运程（堵塞）能量（较低）．．．，不宜妄动。      “小人昧理妄行，祸由己做”。坏时机要豁达安静，越妄动结果越糟糕。
[2015-01-27 22:48:51.109] [DEBUG] push-logger - Send Msg to 1954 msg=提醒您今月运程（堵塞）能量（较低）．．．，不宜妄动。     “不知义者，不足以知命。”知命并非宿命，努力、才智、修行同样可以改变命运。
[2015-01-27 22:48:51.109] [DEBUG] push-logger - Send Msg to 1976 msg=提醒您今日易劳苦、火灾、父子反目...，父母总把孩子当成私有财产，希望变成自己想要的样子，但他来到世间是带着自己的使命，不过是借了父母的身体。
[2015-01-27 22:48:51.110] [DEBUG] push-logger - Send Msg to 3 msg=提醒您今月运程（堵塞）能量（较低）．．．，不宜妄动。     “盛衰兴废，本气数之循环。”规律轮转，心中风轻云淡，忧愁化为平常心。
[2015-01-27 22:48:51.110] [DEBUG] push-logger - get push msg user count = 35
[2015-01-27 22:59:54.185] [DEBUG] push-logger - Send Msg to 1 msg=提醒您今日易与上矛盾、先合后散、劳碌...，被差遣而劳顿，我们总是有许多无奈。但差遣我们的往往不是上司，而是我们的欲望。
[2015-01-27 22:59:54.188] [DEBUG] push-logger - Send Msg to 1000 msg=提醒您今日易与上矛盾、先合后散、劳碌...，被差遣而劳顿，我们总是有许多无奈。但差遣我们的往往不是上司，而是我们的欲望。
[2015-01-27 22:59:54.193] [DEBUG] push-logger - Send Msg to 13 msg=提醒您今日易头痛、多情浪荡...，多情本无所谓，放纵、浪荡就难免不为日后埋下祸端，头痛只是一种提醒，后面麻烦更大。
[2015-01-27 22:59:54.194] [DEBUG] push-logger - Send Msg to 1535 msg=提醒您今日易劳苦、火灾、父子反目...，父母总把孩子当成私有财产，希望变成自己想要的样子，但他来到世间是带着自己的使命，不过是借了父母的身体。
[2015-01-27 22:59:54.194] [DEBUG] push-logger - Send Msg to 1842 msg=提醒您今日易官非、父子反目、社会关系紧张...，紧张的社会关系，起因常是满足自我欲望的同时伤害了别人。“行少欲者，心则坦然，无有忧畏。”
[2015-01-27 22:59:54.195] [DEBUG] push-logger - Send Msg to 1843 msg=提醒您今日易与上矛盾、先合后散、劳碌...，先合后散正是无常世间的一种表现。“贫可转富，贱能显贵，富可致贫，贵亦招灾。”
[2015-01-27 22:59:54.195] [DEBUG] push-logger - Send Msg to 1846 msg=提醒您今日易头痛、多情浪荡...，多情本无所谓，放纵、浪荡就难免不为日后埋下祸端，头痛只是一种提醒，后面麻烦更大。
[2015-01-27 22:59:54.195] [DEBUG] push-logger - Send Msg to 1847 msg=提醒您今日易劳苦、火灾、父子反目...，劳苦不一定都是生活所迫，攀比同样会让我们劳苦。
[2015-01-27 22:59:54.196] [DEBUG] push-logger - Send Msg to 1918 msg=提醒您今日易劳碌、事多、常忧虑、家人身体不安...，不宜再主动招惹事非，只需忙好手边事即可。“只问耕耘，不问收获。”别太在意结果。
[2015-01-27 22:59:54.196] [DEBUG] push-logger - Send Msg to 1926 msg=提醒您今日易劳苦、火灾、父子反目...，投生到一个家中的人总有四种关系：讨债的，还债的，报恩的，抱怨的。
[2015-01-27 22:59:54.197] [DEBUG] push-logger - Send Msg to 1927 msg=提醒您今月运程（堵塞）能量（较低）．．．，不宜妄动。     “盛衰兴废，本气数之循环。”规律轮转，心中风轻云淡，忧愁化为平常心。
[2015-01-27 22:59:54.197] [DEBUG] push-logger - Send Msg to 1954 msg=提醒您今月运程（堵塞）能量（较低）．．．，不宜妄动。     “盛衰兴废，本气数之循环。”规律轮转，心中风轻云淡，忧愁化为平常心。
[2015-01-27 22:59:54.198] [DEBUG] push-logger - Send Msg to 1976 msg=提醒您今日易劳苦、火灾、父子反目...，父母总把孩子当成私有财产，希望变成自己想要的样子，但他来到世间是带着自己的使命，不过是借了父母的身体。
[2015-01-27 22:59:54.199] [DEBUG] push-logger - Send Msg to 3 msg= 提醒您今月运程（堵塞）能量（较低）．．．，不宜妄动。     “厄运来时不能只看到烦恼，还要想起关怀。”你永远不会孤单，神灵在你左右。
[2015-01-27 22:59:54.199] [DEBUG] push-logger - get push msg user count = 35
[2015-01-27 23:01:15.566] [DEBUG] push-logger - Send Msg to 1 msg= 提醒您今月运程（堵塞）能量（高）...，不宜做事，损失不大。   成败的现象，不过是事情在能量的作用下，在时间轴上的不同变化。此时正是调整的时机。
[2015-01-27 23:01:15.568] [DEBUG] push-logger - Send Msg to 1000 msg=提醒您今月运程（堵塞）能量（高）...，不宜做事，损失不大。    能量高可以弥补运程的不足，但切记勿在运程差时妄动，要积蓄力量，静观其变。
[2015-01-27 23:01:15.574] [DEBUG] push-logger - Send Msg to 1535 msg=提醒您今日易劳苦、火灾、父子反目...，投生到一个家中的人总有四种关系：讨债的，还债的，报恩的，抱怨的。
[2015-01-27 23:01:15.577] [DEBUG] push-logger - Send Msg to 1842 msg=提醒您今月运程（堵塞）能量（较低）．．．，不宜妄动。     “盛衰兴废，本气数之循环。”规律轮转，心中风轻云淡，忧愁化为平常心。
[2015-01-27 23:01:15.578] [DEBUG] push-logger - Send Msg to 1847 msg=提醒您今日易劳苦、火灾、父子反目...，父母总把孩子当成私有财产，希望变成自己想要的样子，但他来到世间是带着自己的使命，不过是借了父母的身体。
[2015-01-27 23:01:15.579] [DEBUG] push-logger - Send Msg to 1894 msg=提醒您今日易劳苦、火灾、父子反目...，劳苦不一定都是生活所迫，攀比同样会让我们劳苦。
[2015-01-27 23:01:15.579] [DEBUG] push-logger - Send Msg to 1918 msg=提醒您今日易劳碌、事多、常忧虑、家人身体不安...，不宜再主动招惹事非，只需忙好手边事即可。劳碌伤身但不要伤心，做事最好过脑不过心，祝心安。
[2015-01-27 23:01:15.580] [DEBUG] push-logger - Send Msg to 1926 msg=提醒您今日易劳苦、火灾、父子反目...，劳苦不一定都是生活所迫，攀比同样会让我们劳苦。
[2015-01-27 23:01:15.580] [DEBUG] push-logger - Send Msg to 1927 msg= 提醒您今月运程（堵塞）能量（较低）．．．，不宜妄动。“命不能求其理，弱者多自暴自弃。”上苍要给你礼物，总是用苦来做包装。
[2015-01-27 23:01:15.581] [DEBUG] push-logger - Send Msg to 1954 msg=提醒您今月运程（堵塞）能量（较低）．．．，不宜妄动。     “盛衰兴废，本气数之循环。”规律轮转，心中风轻云淡，忧愁化为平常心。
[2015-01-27 23:01:15.582] [DEBUG] push-logger - Send Msg to 1976 msg=提醒您今日易劳苦、火灾、父子反目...，父母总把孩子当成私有财产，希望变成自己想要的样子，但他来到世间是带着自己的使命，不过是借了父母的身体。
[2015-01-27 23:01:15.582] [DEBUG] push-logger - Send Msg to 3 msg=提醒您今月运程（堵塞）能量（较低）．．．，不宜妄动。     “不知义者，不足以知命。”知命并非宿命，努力、才智、修行同样可以改变命运。
[2015-01-27 23:01:15.583] [DEBUG] push-logger - get push msg user count = 35
[2015-01-27 23:02:05.655] [DEBUG] push-logger - Send Msg to 1 msg= 提醒您今月运程（堵塞）能量（高）...，不宜做事，损失不大。   成败的现象，不过是事情在能量的作用下，在时间轴上的不同变化。此时正是调整的时机。
[2015-01-27 23:02:05.656] [DEBUG] push-logger - Send Msg to 1000 msg=提醒您今月运程（堵塞）能量（高）...，不宜做事，损失不大。    能量高可以弥补运程的不足，但切记勿在运程差时妄动，要积蓄力量，静观其变。
[2015-01-27 23:02:05.661] [DEBUG] push-logger - Send Msg to 13 msg=提醒您今日易头痛、多情浪荡...，婚礼中，新人完全陶醉在喜悦的气氛中，却很少想到还有漫长的婚姻。多情总是会发展成头痛。
[2015-01-27 23:02:05.663] [DEBUG] push-logger - Send Msg to 1842 msg=  提醒您今月运程（堵塞）能量（较低）．．．，不宜妄动。    “要对这个生灭无常的世间完全没有意见。”心中无怨气，是摆脱厄运的先决条件。
[2015-01-27 23:02:05.663] [DEBUG] push-logger - Send Msg to 1847 msg=提醒您今日易劳苦、火灾、父子反目...，父母总把孩子当成私有财产，希望变成自己想要的样子，但他来到世间是带着自己的使命，不过是借了父母的身体。
[2015-01-27 23:02:05.664] [DEBUG] push-logger - Send Msg to 1893 msg=提醒您今日易劳苦、火灾、父子反目...，父母总把孩子当成私有财产，希望变成自己想要的样子，但他来到世间是带着自己的使命，不过是借了父母的身体。
[2015-01-27 23:02:05.664] [DEBUG] push-logger - Send Msg to 1926 msg=提醒您今日易劳苦、火灾、父子反目...，劳苦不一定都是生活所迫，攀比同样会让我们劳苦。
[2015-01-27 23:02:05.665] [DEBUG] push-logger - Send Msg to 1954 msg= 提醒您今月运程（堵塞）能量（较低）．．．，不宜妄动。     “厄运来时不能只看到烦恼，还要想起关怀。”你永远不会孤单，神灵在你左右。
[2015-01-27 23:02:05.665] [DEBUG] push-logger - Send Msg to 1976 msg=提醒您今日易劳苦、火灾、父子反目...，父母总把孩子当成私有财产，希望变成自己想要的样子，但他来到世间是带着自己的使命，不过是借了父母的身体。
[2015-01-27 23:02:05.666] [DEBUG] push-logger - Send Msg to 3 msg=提醒您今日易官非、父子反目、社会关系紧张...，投生到一个家庭，无非是四种关系，讨债的、还债的、报恩的、抱怨的，人世间增加一种，无债无恩怨的。
[2015-01-27 23:02:05.666] [DEBUG] push-logger - get push msg user count = 35
[2015-01-28 16:50:14.513] [DEBUG] push-logger - get push msg user count = 35
[2015-01-28 16:52:08.674] [DEBUG] push-logger - get push msg user count = 35
[2015-01-28 16:53:14.575] [DEBUG] push-logger - get push msg user count = 35
[2015-01-28 16:54:47.944] [DEBUG] push-logger - get push msg user count = 35
[2015-01-28 16:57:02.561] [DEBUG] push-logger - get push msg user count = 35
[2015-01-28 16:58:02.155] [DEBUG] push-logger - get push msg user count = 35
[2015-01-28 16:59:06.941] [DEBUG] push-logger - get push msg user count = 35
[2015-01-28 16:59:44.620] [DEBUG] push-logger - get push msg user count = 35
[2015-01-28 16:59:51.814] [DEBUG] push-logger - get push msg user count = 35
[2015-01-28 17:00:13.052] [DEBUG] push-logger - get push msg user count = 35
[2015-01-28 17:06:24.960] [DEBUG] push-logger - get push msg user count = 35
[2015-01-28 17:09:12.967] [DEBUG] push-logger - get push msg user count = 35
[2015-01-29 19:49:52.883] [DEBUG] push-logger - Send Msg to 1 msg=提醒您今日易利文采、明合暗斗、人心暗散...，人心暗散经常因为长期对人对事的犹疑不决，属下无法适从便会明合暗斗。
[2015-01-29 19:49:52.888] [DEBUG] push-logger - Send Msg to 1842 msg=提醒您今日易贵人助、名声、干扰、风言风语...，贵人未必是大人物，有巨大启发或接引的平常人同样不能忽视，它们往往是藏于民间的高人。
[2015-01-29 19:49:52.889] [DEBUG] push-logger - Send Msg to 1847 msg=提醒您今日易得赏识、提携，升迁...，遇到好时机切勿犹疑退缩，无法预料这样时机，还要等到何时。
[2015-01-29 19:49:52.890] [DEBUG] push-logger - Send Msg to 1893 msg=提醒您今日易得赏识、提携，升迁...，不知要多少个辗转腾挪才能走完这不易的人生，以至于好机会来临，我们又开始信心不足，犹疑不决。
[2015-01-29 19:49:52.891] [DEBUG] push-logger - Send Msg to 1927 msg=提醒您今日易贵人助、名声、干扰、风言风语...，邪说常常比真理更像真理，因为邪说更贴近人们的内心需求，邪说是人生路上的最大干扰。
[2015-01-29 19:49:52.892] [DEBUG] push-logger - Send Msg to 1976 msg=提醒您今日易得赏识、提携，升迁...，不知要多少个辗转腾挪才能走完这不易的人生，以至于好机会来临，我们又开始信心不足，犹疑不决。
[2015-01-29 19:49:52.893] [DEBUG] push-logger - Send Msg to 3 msg=提醒您今日易贵人助、名声、干扰、风言风语...，风言风语本身不伤人，对它的执着计较却能伤到人，一个合格的修行者，是没有计较心的。
[2015-01-29 19:49:52.893] [DEBUG] push-logger - get push msg user count = 35
[2015-01-29 20:03:09.392] [DEBUG] push-logger - Send Msg to 1 msg=提醒您今日易利文采、明合暗斗、人心暗散...，人心暗散经常因为长期对人对事的犹疑不决，属下无法适从便会明合暗斗。
[2015-01-29 20:03:09.399] [DEBUG] push-logger - Send Msg to 1535 msg=提醒您今日易得赏识、提携，升迁...，在得到赏识与升迁背后，失去的不一定是辛勤与努力，而是对正义道德的坚持。
[2015-01-29 20:03:09.400] [DEBUG] push-logger - Send Msg to 18 msg=提醒您今日易激烈争斗、是非、官非...，“这个世界不争高下，只讲慈悲。”即使勉强胜利，争斗后的喜悦也是短暂的，对报复的不安却是长期的。
[2015-01-29 20:03:09.401] [DEBUG] push-logger - Send Msg to 1843 msg=提醒您今日易利文采、明合暗斗、人心暗散...，看到的未必真实，表面的和睦经常是一种伪装，要用心去体会。“信眼不如信心。”
[2015-01-29 20:03:09.402] [DEBUG] push-logger - Send Msg to 1847 msg=提醒您今日易得赏识、提携，升迁...，在得到赏识与升迁背后，失去的不一定是辛勤与努力，而是对正义道德的坚持。
[2015-01-29 20:03:09.403] [DEBUG] push-logger - Send Msg to 1893 msg=提醒您今日易得赏识、提携，升迁...，遇到好时机切勿犹疑退缩，无法预料这样时机，还要等到何时。
[2015-01-29 20:03:09.403] [DEBUG] push-logger - Send Msg to 1926 msg=提醒您今日易得赏识、提携，升迁...，遇到好时机切勿犹疑退缩，无法预料这样时机，还要等到何时。
[2015-01-29 20:03:09.404] [DEBUG] push-logger - Send Msg to 1927 msg=提醒您今日易贵人助、名声、干扰、风言风语...，风言风语本身不伤人，对它的执着计较却能伤到人，一个合格的修行者，是没有计较心的。
[2015-01-29 20:03:09.405] [DEBUG] push-logger - Send Msg to 1954 msg=提醒您今日易贵人助、名声、干扰、风言风语...，邪说常常比真理更像真理，因为邪说更贴近人们的内心需求，邪说是人生路上的最大干扰。
[2015-01-29 20:03:09.405] [DEBUG] push-logger - Send Msg to 1974 msg=提醒您今日易得赏识、提携，升迁...，在得到赏识与升迁背后，失去的不一定是辛勤与努力，而是对正义道德的坚持。
[2015-01-29 20:03:09.406] [DEBUG] push-logger - Send Msg to 1976 msg=提醒您今日易得赏识、提携，升迁...，遇到好时机切勿犹疑退缩，无法预料这样时机，还要等到何时。
[2015-01-29 20:03:09.407] [DEBUG] push-logger - Send Msg to 27 msg=提醒您今日易激烈争斗、是非、官非...，“与其能辨、不如能忍”。激烈的是非、争斗损伤很大，但往前细推初始的原因往往很小，当时完全可以不计较。
[2015-01-29 20:03:09.407] [DEBUG] push-logger - Send Msg to 3 msg=提醒您今日易贵人助、名声、干扰、风言风语...，邪说常常比真理更像真理，因为邪说更贴近人们的内心需求，邪说是人生路上的最大干扰。
[2015-01-29 20:03:09.407] [DEBUG] push-logger - get push msg user count = 35
[2015-01-29 20:04:53.553] [DEBUG] push-logger - Send Msg to 1 msg=提醒您今日易利文采、明合暗斗、人心暗散...，人心暗散经常因为长期对人对事的犹疑不决，属下无法适从便会明合暗斗。
[2015-01-29 20:04:53.557] [DEBUG] push-logger - Send Msg to 1535 msg=提醒您今日易得赏识、提携，升迁...，遇到好时机切勿犹疑退缩，无法预料这样时机，还要等到何时。
[2015-01-29 20:04:53.558] [DEBUG] push-logger - Send Msg to 18 msg=提醒您今日易激烈争斗、是非、官非...，“与其能辨、不如能忍”。激烈的是非、争斗损伤很大，但往前细推初始的原因往往很小，当时完全可以不计较。
[2015-01-29 20:04:53.558] [DEBUG] push-logger - Send Msg to 1842 msg=提醒您今日易贵人助、名声、干扰、风言风语...，邪说常常比真理更像真理，因为邪说更贴近人们的内心需求，邪说是人生路上的最大干扰。
[2015-01-29 20:04:53.558] [DEBUG] push-logger - Send Msg to 1843 msg=提醒您今日易利文采、明合暗斗、人心暗散...，“学得一身艺，卖与帝王家。”文采常变成权贵的工具，或者利用它变成权贵。
[2015-01-29 20:04:53.558] [DEBUG] push-logger - Send Msg to 1847 msg=提醒您今日易得赏识、提携，升迁...，不知要多少个辗转腾挪才能走完这不易的人生，以至于好机会来临，我们又开始信心不足，犹疑不决。
[2015-01-29 20:04:53.559] [DEBUG] push-logger - Send Msg to 1893 msg=提醒您今日易得赏识、提携，升迁...，在得到赏识与升迁背后，失去的不一定是辛勤与努力，而是对正义道德的坚持。
[2015-01-29 20:04:53.559] [DEBUG] push-logger - Send Msg to 1894 msg=提醒您今日易得赏识、提携，升迁...，在得到赏识与升迁背后，失去的不一定是辛勤与努力，而是对正义道德的坚持。
[2015-01-29 20:04:53.560] [DEBUG] push-logger - Send Msg to 1926 msg=提醒您今日易得赏识、提携，升迁...，在得到赏识与升迁背后，失去的不一定是辛勤与努力，而是对正义道德的坚持。
[2015-01-29 20:04:53.560] [DEBUG] push-logger - Send Msg to 1927 msg=提醒您今日易贵人助、名声、干扰、风言风语...，邪说常常比真理更像真理，因为邪说更贴近人们的内心需求，邪说是人生路上的最大干扰。
[2015-01-29 20:04:53.560] [DEBUG] push-logger - Send Msg to 1954 msg=提醒您今日易贵人助、名声、干扰、风言风语...，邪说常常比真理更像真理，因为邪说更贴近人们的内心需求，邪说是人生路上的最大干扰。
[2015-01-29 20:04:53.561] [DEBUG] push-logger - Send Msg to 1976 msg=提醒您今日易得赏识、提携，升迁...，遇到好时机切勿犹疑退缩，无法预料这样时机，还要等到何时。
[2015-01-29 20:04:53.562] [DEBUG] push-logger - Send Msg to 27 msg=提醒您今日易激烈争斗、是非、官非...，“与其能辨、不如能忍”。激烈的是非、争斗损伤很大，但往前细推初始的原因往往很小，当时完全可以不计较。
[2015-01-29 20:04:53.562] [DEBUG] push-logger - Send Msg to 3 msg=提醒您今日易贵人助、名声、干扰、风言风语...，风言风语本身不伤人，对它的执着计较却能伤到人，一个合格的修行者，是没有计较心的。
[2015-01-29 20:04:53.562] [DEBUG] push-logger - get push msg user count = 35
[2015-01-29 20:05:33.094] [DEBUG] push-logger - Send Msg to 18 msg=提醒您今日易激烈争斗、是非、官非...，“这个世界不争高下，只讲慈悲。”即使勉强胜利，争斗后的喜悦也是短暂的，对报复的不安却是长期的。
[2015-01-29 20:05:33.100] [DEBUG] push-logger - Send Msg to 1843 msg=提醒您今日易利文采、明合暗斗、人心暗散...，“学得一身艺，卖与帝王家。”文采常变成权贵的工具，或者利用它变成权贵。
[2015-01-29 20:05:33.101] [DEBUG] push-logger - Send Msg to 1847 msg=提醒您今日易得赏识、提携，升迁...，遇到好时机切勿犹疑退缩，无法预料这样时机，还要等到何时。
[2015-01-29 20:05:33.102] [DEBUG] push-logger - Send Msg to 1893 msg=提醒您今日易得赏识、提携，升迁...，遇到好时机切勿犹疑退缩，无法预料这样时机，还要等到何时。
[2015-01-29 20:05:33.103] [DEBUG] push-logger - Send Msg to 1894 msg=提醒您今日易得赏识、提携，升迁...，遇到好时机切勿犹疑退缩，无法预料这样时机，还要等到何时。
[2015-01-29 20:05:33.105] [DEBUG] push-logger - Send Msg to 1976 msg=提醒您今日易得赏识、提携，升迁...，不知要多少个辗转腾挪才能走完这不易的人生，以至于好机会来临，我们又开始信心不足，犹疑不决。
[2015-01-29 20:05:33.106] [DEBUG] push-logger - get push msg user count = 35
[2015-01-29 20:13:11.706] [DEBUG] push-logger - Send Msg to 1000 msg=提醒您今日易利文采、明合暗斗、人心暗散...，“学得一身艺，卖与帝王家。”文采常变成权贵的工具，或者利用它变成权贵。
[2015-01-29 20:13:11.712] [DEBUG] push-logger - Send Msg to 18 msg=提醒您今日易激烈争斗、是非、官非...，“与其能辨、不如能忍”。激烈的是非、争斗损伤很大，但往前细推初始的原因往往很小，当时完全可以不计较。
[2015-01-29 20:13:11.713] [DEBUG] push-logger - Send Msg to 1842 msg=提醒您今日易贵人助、名声、干扰、风言风语...，邪说常常比真理更像真理，因为邪说更贴近人们的内心需求，邪说是人生路上的最大干扰。
[2015-01-29 20:13:11.715] [DEBUG] push-logger - Send Msg to 1843 msg=提醒您今日易利文采、明合暗斗、人心暗散...，看到的未必真实，表面的和睦经常是一种伪装，要用心去体会。“信眼不如信心。”
[2015-01-29 20:13:11.716] [DEBUG] push-logger - Send Msg to 1893 msg=提醒您今日易得赏识、提携，升迁...，不知要多少个辗转腾挪才能走完这不易的人生，以至于好机会来临，我们又开始信心不足，犹疑不决。
[2015-01-29 20:13:11.716] [DEBUG] push-logger - Send Msg to 1894 msg=提醒您今日易得赏识、提携，升迁...，在得到赏识与升迁背后，失去的不一定是辛勤与努力，而是对正义道德的坚持。
[2015-01-29 20:13:11.717] [DEBUG] push-logger - Send Msg to 1926 msg=提醒您今日易得赏识、提携，升迁...，在得到赏识与升迁背后，失去的不一定是辛勤与努力，而是对正义道德的坚持。
[2015-01-29 20:13:11.717] [DEBUG] push-logger - Send Msg to 1927 msg=提醒您今日易贵人助、名声、干扰、风言风语...，风言风语本身不伤人，对它的执着计较却能伤到人，一个合格的修行者，是没有计较心的。
[2015-01-29 20:13:11.718] [DEBUG] push-logger - Send Msg to 1974 msg=提醒您今日易得赏识、提携，升迁...，不知要多少个辗转腾挪才能走完这不易的人生，以至于好机会来临，我们又开始信心不足，犹疑不决。
[2015-01-29 20:13:11.718] [DEBUG] push-logger - Send Msg to 1976 msg=提醒您今日易得赏识、提携，升迁...，遇到好时机切勿犹疑退缩，无法预料这样时机，还要等到何时。
[2015-01-29 20:13:11.718] [DEBUG] push-logger - Send Msg to 27 msg=提醒您今日易激烈争斗、是非、官非...，“与其能辨、不如能忍”。激烈的是非、争斗损伤很大，但往前细推初始的原因往往很小，当时完全可以不计较。
[2015-01-29 20:13:11.719] [DEBUG] push-logger - Send Msg to 3 msg=提醒您今日易贵人助、名声、干扰、风言风语...，风言风语本身不伤人，对它的执着计较却能伤到人，一个合格的修行者，是没有计较心的。
[2015-01-29 20:13:11.719] [DEBUG] push-logger - get push msg user count = 35
[2015-01-29 20:17:10.829] [DEBUG] push-logger - Send Msg to 1 msg=提醒您今日易利文采、明合暗斗、人心暗散...，人心暗散经常因为长期对人对事的犹疑不决，属下无法适从便会明合暗斗。
[2015-01-29 20:17:10.841] [DEBUG] push-logger - Send Msg to 1535 msg=提醒您今日易得赏识、提携，升迁...，遇到好时机切勿犹疑退缩，无法预料这样时机，还要等到何时。
[2015-01-29 20:17:10.843] [DEBUG] push-logger - Send Msg to 1843 msg=提醒您今日易利文采、明合暗斗、人心暗散...，“学得一身艺，卖与帝王家。”文采常变成权贵的工具，或者利用它变成权贵。
[2015-01-29 20:17:10.844] [DEBUG] push-logger - Send Msg to 1847 msg=提醒您今日易得赏识、提携，升迁...，遇到好时机切勿犹疑退缩，无法预料这样时机，还要等到何时。
[2015-01-29 20:17:10.846] [DEBUG] push-logger - Send Msg to 1893 msg=提醒您今日易得赏识、提携，升迁...，遇到好时机切勿犹疑退缩，无法预料这样时机，还要等到何时。
[2015-01-29 20:17:10.847] [DEBUG] push-logger - Send Msg to 1926 msg=提醒您今日易得赏识、提携，升迁...，不知要多少个辗转腾挪才能走完这不易的人生，以至于好机会来临，我们又开始信心不足，犹疑不决。
[2015-01-29 20:17:10.851] [DEBUG] push-logger - Send Msg to 27 msg=提醒您今日易激烈争斗、是非、官非...，拼命坚持自己的见解，顽强的与人争执，是烦恼的成因。
[2015-01-29 20:17:10.851] [DEBUG] push-logger - Send Msg to 3 msg=提醒您今日易贵人助、名声、干扰、风言风语...，风言风语本身不伤人，对它的执着计较却能伤到人，一个合格的修行者，是没有计较心的。
[2015-01-29 20:17:10.852] [DEBUG] push-logger - get push msg user count = 35
[2015-01-29 20:53:53.719] [DEBUG] push-logger - Send Msg to 1 msg=提醒您今日易利文采、明合暗斗、人心暗散...，人心暗散经常因为长期对人对事的犹疑不决，属下无法适从便会明合暗斗。
[2015-01-29 20:53:53.723] [DEBUG] push-logger - Send Msg to 1000 msg=提醒您今日易利文采、明合暗斗、人心暗散...，“学得一身艺，卖与帝王家。”文采常变成权贵的工具，或者利用它变成权贵。
[2015-01-29 20:53:53.729] [DEBUG] push-logger - Send Msg to 1535 msg=提醒您今日易得赏识、提携，升迁...，在得到赏识与升迁背后，失去的不一定是辛勤与努力，而是对正义道德的坚持。
[2015-01-29 20:53:53.730] [DEBUG] push-logger - Send Msg to 1842 msg=提醒您今日易贵人助、名声、干扰、风言风语...，风言风语本身不伤人，对它的执着计较却能伤到人，一个合格的修行者，是没有计较心的。
[2015-01-29 20:53:53.731] [DEBUG] push-logger - Send Msg to 1843 msg=提醒您今日易利文采、明合暗斗、人心暗散...，人心暗散经常因为长期对人对事的犹疑不决，属下无法适从便会明合暗斗。
[2015-01-29 20:53:53.731] [DEBUG] push-logger - Send Msg to 1847 msg=提醒您今日易得赏识、提携，升迁...，在得到赏识与升迁背后，失去的不一定是辛勤与努力，而是对正义道德的坚持。
[2015-01-29 20:53:53.732] [DEBUG] push-logger - Send Msg to 1893 msg=提醒您今日易得赏识、提携，升迁...，遇到好时机切勿犹疑退缩，无法预料这样时机，还要等到何时。
[2015-01-29 20:53:53.733] [DEBUG] push-logger - Send Msg to 1894 msg=提醒您今日易得赏识、提携，升迁...，遇到好时机切勿犹疑退缩，无法预料这样时机，还要等到何时。
[2015-01-29 20:53:53.733] [DEBUG] push-logger - Send Msg to 1926 msg=提醒您今日易得赏识、提携，升迁...，不知要多少个辗转腾挪才能走完这不易的人生，以至于好机会来临，我们又开始信心不足，犹疑不决。
[2015-01-29 20:53:53.734] [DEBUG] push-logger - Send Msg to 1927 msg=提醒您今日易贵人助、名声、干扰、风言风语...，贵人未必是大人物，有巨大启发或接引的平常人同样不能忽视，它们往往是藏于民间的高人。
[2015-01-29 20:53:53.734] [DEBUG] push-logger - Send Msg to 1954 msg=提醒您今日易贵人助、名声、干扰、风言风语...，邪说常常比真理更像真理，因为邪说更贴近人们的内心需求，邪说是人生路上的最大干扰。
[2015-01-29 20:53:53.735] [DEBUG] push-logger - Send Msg to 1976 msg=提醒您今日易得赏识、提携，升迁...，在得到赏识与升迁背后，失去的不一定是辛勤与努力，而是对正义道德的坚持。
[2015-01-29 20:53:53.736] [DEBUG] push-logger - Send Msg to 27 msg=提醒您今日易激烈争斗、是非、官非...，“这个世界不争高下，只讲慈悲。”即使勉强胜利，争斗后的喜悦也是短暂的，对报复的不安却是长期的。
[2015-01-29 20:53:53.737] [DEBUG] push-logger - Send Msg to 3 msg=提醒您今日易贵人助、名声、干扰、风言风语...，贵人未必是大人物，有巨大启发或接引的平常人同样不能忽视，它们往往是藏于民间的高人。
[2015-01-29 20:53:53.737] [DEBUG] push-logger - get push msg user count = 35
[2015-01-29 20:54:07.328] [DEBUG] push-logger - Send Msg to 1 msg=提醒您今日易利文采、明合暗斗、人心暗散...，“学得一身艺，卖与帝王家。”文采常变成权贵的工具，或者利用它变成权贵。
[2015-01-29 20:54:07.341] [DEBUG] push-logger - Send Msg to 1535 msg=提醒您今日易得赏识、提携，升迁...，不知要多少个辗转腾挪才能走完这不易的人生，以至于好机会来临，我们又开始信心不足，犹疑不决。
[2015-01-29 20:54:07.344] [DEBUG] push-logger - Send Msg to 1842 msg=提醒您今日易贵人助、名声、干扰、风言风语...，风言风语本身不伤人，对它的执着计较却能伤到人，一个合格的修行者，是没有计较心的。
[2015-01-29 20:54:07.344] [DEBUG] push-logger - Send Msg to 1843 msg=提醒您今日易利文采、明合暗斗、人心暗散...，人心暗散经常因为长期对人对事的犹疑不决，属下无法适从便会明合暗斗。
[2015-01-29 20:54:07.346] [DEBUG] push-logger - Send Msg to 1847 msg=提醒您今日易得赏识、提携，升迁...，遇到好时机切勿犹疑退缩，无法预料这样时机，还要等到何时。
[2015-01-29 20:54:07.348] [DEBUG] push-logger - Send Msg to 1894 msg=提醒您今日易得赏识、提携，升迁...，遇到好时机切勿犹疑退缩，无法预料这样时机，还要等到何时。
[2015-01-29 20:54:07.349] [DEBUG] push-logger - Send Msg to 1926 msg=提醒您今日易得赏识、提携，升迁...，遇到好时机切勿犹疑退缩，无法预料这样时机，还要等到何时。
[2015-01-29 20:54:07.351] [DEBUG] push-logger - Send Msg to 1927 msg=提醒您今日易贵人助、名声、干扰、风言风语...，贵人未必是大人物，有巨大启发或接引的平常人同样不能忽视，它们往往是藏于民间的高人。
[2015-01-29 20:54:07.352] [DEBUG] push-logger - Send Msg to 1954 msg=提醒您今日易贵人助、名声、干扰、风言风语...，风言风语本身不伤人，对它的执着计较却能伤到人，一个合格的修行者，是没有计较心的。
[2015-01-29 20:54:07.353] [DEBUG] push-logger - Send Msg to 1976 msg=提醒您今日易得赏识、提携，升迁...，在得到赏识与升迁背后，失去的不一定是辛勤与努力，而是对正义道德的坚持。
[2015-01-29 20:54:07.354] [DEBUG] push-logger - Send Msg to 27 msg=提醒您今日易激烈争斗、是非、官非...，拼命坚持自己的见解，顽强的与人争执，是烦恼的成因。
[2015-01-29 20:54:07.354] [DEBUG] push-logger - Send Msg to 3 msg=提醒您今日易贵人助、名声、干扰、风言风语...，贵人未必是大人物，有巨大启发或接引的平常人同样不能忽视，它们往往是藏于民间的高人。
[2015-01-29 20:54:07.355] [DEBUG] push-logger - get push msg user count = 35
[2015-01-29 20:54:33.459] [DEBUG] push-logger - Send Msg to 1 msg=提醒您今日易利文采、明合暗斗、人心暗散...，看到的未必真实，表面的和睦经常是一种伪装，要用心去体会。“信眼不如信心。”
[2015-01-29 20:54:33.463] [DEBUG] push-logger - Send Msg to 1000 msg=提醒您今日易利文采、明合暗斗、人心暗散...，人心暗散经常因为长期对人对事的犹疑不决，属下无法适从便会明合暗斗。
[2015-01-29 20:54:33.469] [DEBUG] push-logger - Send Msg to 1535 msg=提醒您今日易得赏识、提携，升迁...，不知要多少个辗转腾挪才能走完这不易的人生，以至于好机会来临，我们又开始信心不足，犹疑不决。
[2015-01-29 20:54:33.469] [DEBUG] push-logger - Send Msg to 18 msg=提醒您今日易激烈争斗、是非、官非...，“与其能辨、不如能忍”。激烈的是非、争斗损伤很大，但往前细推初始的原因往往很小，当时完全可以不计较。
[2015-01-29 20:54:33.470] [DEBUG] push-logger - Send Msg to 1842 msg=提醒您今日易贵人助、名声、干扰、风言风语...，风言风语本身不伤人，对它的执着计较却能伤到人，一个合格的修行者，是没有计较心的。
[2015-01-29 20:54:33.470] [DEBUG] push-logger - Send Msg to 1847 msg=提醒您今日易得赏识、提携，升迁...，不知要多少个辗转腾挪才能走完这不易的人生，以至于好机会来临，我们又开始信心不足，犹疑不决。
[2015-01-29 20:54:33.471] [DEBUG] push-logger - Send Msg to 1893 msg=提醒您今日易得赏识、提携，升迁...，遇到好时机切勿犹疑退缩，无法预料这样时机，还要等到何时。
[2015-01-29 20:54:33.472] [DEBUG] push-logger - Send Msg to 1894 msg=提醒您今日易得赏识、提携，升迁...，不知要多少个辗转腾挪才能走完这不易的人生，以至于好机会来临，我们又开始信心不足，犹疑不决。
[2015-01-29 20:54:33.472] [DEBUG] push-logger - Send Msg to 1926 msg=提醒您今日易得赏识、提携，升迁...，不知要多少个辗转腾挪才能走完这不易的人生，以至于好机会来临，我们又开始信心不足，犹疑不决。
[2015-01-29 20:54:33.472] [DEBUG] push-logger - Send Msg to 1927 msg=提醒您今日易贵人助、名声、干扰、风言风语...，风言风语本身不伤人，对它的执着计较却能伤到人，一个合格的修行者，是没有计较心的。
[2015-01-29 20:54:33.473] [DEBUG] push-logger - Send Msg to 1976 msg=提醒您今日易得赏识、提携，升迁...，在得到赏识与升迁背后，失去的不一定是辛勤与努力，而是对正义道德的坚持。
[2015-01-29 20:54:33.474] [DEBUG] push-logger - Send Msg to 27 msg=提醒您今日易激烈争斗、是非、官非...，“这个世界不争高下，只讲慈悲。”即使勉强胜利，争斗后的喜悦也是短暂的，对报复的不安却是长期的。
[2015-01-29 20:54:33.474] [DEBUG] push-logger - get push msg user count = 35
[2015-01-29 20:56:06.902] [DEBUG] push-logger - Send Msg to 1 msg=提醒您今日易利文采、明合暗斗、人心暗散...，看到的未必真实，表面的和睦经常是一种伪装，要用心去体会。“信眼不如信心。”
[2015-01-29 20:56:06.908] [DEBUG] push-logger - Send Msg to 1535 msg=提醒您今日易得赏识、提携，升迁...，遇到好时机切勿犹疑退缩，无法预料这样时机，还要等到何时。
[2015-01-29 20:56:06.908] [DEBUG] push-logger - Send Msg to 18 msg=提醒您今日易激烈争斗、是非、官非...，“这个世界不争高下，只讲慈悲。”即使勉强胜利，争斗后的喜悦也是短暂的，对报复的不安却是长期的。
[2015-01-29 20:56:06.909] [DEBUG] push-logger - Send Msg to 1842 msg=提醒您今日易贵人助、名声、干扰、风言风语...，风言风语本身不伤人，对它的执着计较却能伤到人，一个合格的修行者，是没有计较心的。
[2015-01-29 20:56:06.909] [DEBUG] push-logger - Send Msg to 1843 msg=提醒您今日易利文采、明合暗斗、人心暗散...，人心暗散经常因为长期对人对事的犹疑不决，属下无法适从便会明合暗斗。
[2015-01-29 20:56:06.911] [DEBUG] push-logger - Send Msg to 1894 msg=提醒您今日易得赏识、提携，升迁...，在得到赏识与升迁背后，失去的不一定是辛勤与努力，而是对正义道德的坚持。
[2015-01-29 20:56:06.911] [DEBUG] push-logger - Send Msg to 1926 msg=提醒您今日易得赏识、提携，升迁...，在得到赏识与升迁背后，失去的不一定是辛勤与努力，而是对正义道德的坚持。
[2015-01-29 20:56:06.912] [DEBUG] push-logger - Send Msg to 1927 msg=提醒您今日易贵人助、名声、干扰、风言风语...，风言风语本身不伤人，对它的执着计较却能伤到人，一个合格的修行者，是没有计较心的。
[2015-01-29 20:56:06.912] [DEBUG] push-logger - Send Msg to 1954 msg=提醒您今日易贵人助、名声、干扰、风言风语...，风言风语本身不伤人，对它的执着计较却能伤到人，一个合格的修行者，是没有计较心的。
[2015-01-29 20:56:06.913] [DEBUG] push-logger - Send Msg to 1974 msg=提醒您今日易得赏识、提携，升迁...，遇到好时机切勿犹疑退缩，无法预料这样时机，还要等到何时。
[2015-01-29 20:56:06.914] [DEBUG] push-logger - Send Msg to 27 msg=提醒您今日易激烈争斗、是非、官非...，拼命坚持自己的见解，顽强的与人争执，是烦恼的成因。
[2015-01-29 20:56:06.915] [DEBUG] push-logger - Send Msg to 3 msg=提醒您今日易贵人助、名声、干扰、风言风语...，邪说常常比真理更像真理，因为邪说更贴近人们的内心需求，邪说是人生路上的最大干扰。
[2015-01-29 20:56:06.915] [DEBUG] push-logger - get push msg user count = 35
[2015-01-29 20:56:54.566] [DEBUG] push-logger - Send Msg to 1 msg=提醒您今日易利文采、明合暗斗、人心暗散...，人心暗散经常因为长期对人对事的犹疑不决，属下无法适从便会明合暗斗。
[2015-01-29 20:56:54.570] [DEBUG] push-logger - Send Msg to 1000 msg=提醒您今日易利文采、明合暗斗、人心暗散...，人心暗散经常因为长期对人对事的犹疑不决，属下无法适从便会明合暗斗。
[2015-01-29 20:56:54.576] [DEBUG] push-logger - Send Msg to 1535 msg=提醒您今日易得赏识、提携，升迁...，在得到赏识与升迁背后，失去的不一定是辛勤与努力，而是对正义道德的坚持。
[2015-01-29 20:56:54.576] [DEBUG] push-logger - Send Msg to 18 msg=提醒您今日易激烈争斗、是非、官非...，“这个世界不争高下，只讲慈悲。”即使勉强胜利，争斗后的喜悦也是短暂的，对报复的不安却是长期的。
[2015-01-29 20:56:54.577] [DEBUG] push-logger - Send Msg to 1842 msg=提醒您今日易贵人助、名声、干扰、风言风语...，风言风语本身不伤人，对它的执着计较却能伤到人，一个合格的修行者，是没有计较心的。
[2015-01-29 20:56:54.577] [DEBUG] push-logger - Send Msg to 1843 msg=提醒您今日易利文采、明合暗斗、人心暗散...，“学得一身艺，卖与帝王家。”文采常变成权贵的工具，或者利用它变成权贵。
[2015-01-29 20:56:54.577] [DEBUG] push-logger - Send Msg to 1847 msg=提醒您今日易得赏识、提携，升迁...，遇到好时机切勿犹疑退缩，无法预料这样时机，还要等到何时。
[2015-01-29 20:56:54.578] [DEBUG] push-logger - Send Msg to 1893 msg=提醒您今日易得赏识、提携，升迁...，遇到好时机切勿犹疑退缩，无法预料这样时机，还要等到何时。
[2015-01-29 20:56:54.579] [DEBUG] push-logger - Send Msg to 1894 msg=提醒您今日易得赏识、提携，升迁...，遇到好时机切勿犹疑退缩，无法预料这样时机，还要等到何时。
[2015-01-29 20:56:54.580] [DEBUG] push-logger - Send Msg to 1927 msg=提醒您今日易贵人助、名声、干扰、风言风语...，邪说常常比真理更像真理，因为邪说更贴近人们的内心需求，邪说是人生路上的最大干扰。
[2015-01-29 20:56:54.581] [DEBUG] push-logger - Send Msg to 27 msg=提醒您今日易激烈争斗、是非、官非...，拼命坚持自己的见解，顽强的与人争执，是烦恼的成因。
[2015-01-29 20:56:54.582] [DEBUG] push-logger - get push msg user count = 35
[2015-01-29 21:06:21.200] [DEBUG] push-logger - Send Msg to 1000 msg=提醒您今日易利文采、明合暗斗、人心暗散...，“学得一身艺，卖与帝王家。”文采常变成权贵的工具，或者利用它变成权贵。
[2015-01-29 21:06:21.208] [DEBUG] push-logger - Send Msg to 1535 msg=提醒您今日易得赏识、提携，升迁...，在得到赏识与升迁背后，失去的不一定是辛勤与努力，而是对正义道德的坚持。
[2015-01-29 21:06:21.211] [DEBUG] push-logger - Send Msg to 18 msg=提醒您今日易激烈争斗、是非、官非...，“这个世界不争高下，只讲慈悲。”即使勉强胜利，争斗后的喜悦也是短暂的，对报复的不安却是长期的。
[2015-01-29 21:06:21.212] [DEBUG] push-logger - Send Msg to 1842 msg=提醒您今日易贵人助、名声、干扰、风言风语...，风言风语本身不伤人，对它的执着计较却能伤到人，一个合格的修行者，是没有计较心的。
[2015-01-29 21:06:21.212] [DEBUG] push-logger - Send Msg to 1843 msg=提醒您今日易利文采、明合暗斗、人心暗散...，看到的未必真实，表面的和睦经常是一种伪装，要用心去体会。“信眼不如信心。”
[2015-01-29 21:06:21.213] [DEBUG] push-logger - Send Msg to 1847 msg=提醒您今日易得赏识、提携，升迁...，在得到赏识与升迁背后，失去的不一定是辛勤与努力，而是对正义道德的坚持。
[2015-01-29 21:06:21.214] [DEBUG] push-logger - Send Msg to 1893 msg=提醒您今日易得赏识、提携，升迁...，不知要多少个辗转腾挪才能走完这不易的人生，以至于好机会来临，我们又开始信心不足，犹疑不决。
[2015-01-29 21:06:21.214] [DEBUG] push-logger - Send Msg to 1894 msg=提醒您今日易得赏识、提携，升迁...，遇到好时机切勿犹疑退缩，无法预料这样时机，还要等到何时。
[2015-01-29 21:06:21.215] [DEBUG] push-logger - Send Msg to 1926 msg=提醒您今日易得赏识、提携，升迁...，遇到好时机切勿犹疑退缩，无法预料这样时机，还要等到何时。
[2015-01-29 21:06:21.215] [DEBUG] push-logger - Send Msg to 1954 msg=提醒您今日易贵人助、名声、干扰、风言风语...，邪说常常比真理更像真理，因为邪说更贴近人们的内心需求，邪说是人生路上的最大干扰。
[2015-01-29 21:06:21.215] [DEBUG] push-logger - Send Msg to 1974 msg=提醒您今日易得赏识、提携，升迁...，遇到好时机切勿犹疑退缩，无法预料这样时机，还要等到何时。
[2015-01-29 21:06:21.216] [DEBUG] push-logger - Send Msg to 27 msg=提醒您今日易激烈争斗、是非、官非...，拼命坚持自己的见解，顽强的与人争执，是烦恼的成因。
[2015-01-29 21:06:21.216] [DEBUG] push-logger - Send Msg to 3 msg=提醒您今日易贵人助、名声、干扰、风言风语...，邪说常常比真理更像真理，因为邪说更贴近人们的内心需求，邪说是人生路上的最大干扰。
[2015-01-29 21:06:21.216] [DEBUG] push-logger - get push msg user count = 35
[2015-01-29 21:07:07.309] [DEBUG] push-logger - Send Msg to 1000 msg=提醒您今日易利文采、明合暗斗、人心暗散...，看到的未必真实，表面的和睦经常是一种伪装，要用心去体会。“信眼不如信心。”
[2015-01-29 21:07:07.316] [DEBUG] push-logger - Send Msg to 18 msg=提醒您今日易激烈争斗、是非、官非...，拼命坚持自己的见解，顽强的与人争执，是烦恼的成因。
[2015-01-29 21:07:07.318] [DEBUG] push-logger - Send Msg to 1843 msg=提醒您今日易利文采、明合暗斗、人心暗散...，“学得一身艺，卖与帝王家。”文采常变成权贵的工具，或者利用它变成权贵。
[2015-01-29 21:07:07.319] [DEBUG] push-logger - Send Msg to 1847 msg=提醒您今日易得赏识、提携，升迁...，不知要多少个辗转腾挪才能走完这不易的人生，以至于好机会来临，我们又开始信心不足，犹疑不决。
[2015-01-29 21:07:07.320] [DEBUG] push-logger - Send Msg to 1893 msg=提醒您今日易得赏识、提携，升迁...，遇到好时机切勿犹疑退缩，无法预料这样时机，还要等到何时。
[2015-01-29 21:07:07.320] [DEBUG] push-logger - Send Msg to 1894 msg=提醒您今日易得赏识、提携，升迁...，遇到好时机切勿犹疑退缩，无法预料这样时机，还要等到何时。
[2015-01-29 21:07:07.320] [DEBUG] push-logger - Send Msg to 1926 msg=提醒您今日易得赏识、提携，升迁...，在得到赏识与升迁背后，失去的不一定是辛勤与努力，而是对正义道德的坚持。
[2015-01-29 21:07:07.321] [DEBUG] push-logger - Send Msg to 1927 msg=提醒您今日易贵人助、名声、干扰、风言风语...，风言风语本身不伤人，对它的执着计较却能伤到人，一个合格的修行者，是没有计较心的。
[2015-01-29 21:07:07.321] [DEBUG] push-logger - Send Msg to 1954 msg=提醒您今日易贵人助、名声、干扰、风言风语...，邪说常常比真理更像真理，因为邪说更贴近人们的内心需求，邪说是人生路上的最大干扰。
[2015-01-29 21:07:07.322] [DEBUG] push-logger - Send Msg to 1974 msg=提醒您今日易得赏识、提携，升迁...，遇到好时机切勿犹疑退缩，无法预料这样时机，还要等到何时。
[2015-01-29 21:07:07.322] [DEBUG] push-logger - Send Msg to 1976 msg=提醒您今日易得赏识、提携，升迁...，在得到赏识与升迁背后，失去的不一定是辛勤与努力，而是对正义道德的坚持。
[2015-01-29 21:07:07.323] [DEBUG] push-logger - Send Msg to 27 msg=提醒您今日易激烈争斗、是非、官非...，“与其能辨、不如能忍”。激烈的是非、争斗损伤很大，但往前细推初始的原因往往很小，当时完全可以不计较。
[2015-01-29 21:07:07.323] [DEBUG] push-logger - get push msg user count = 35
[2015-01-29 21:07:18.709] [DEBUG] push-logger - Send Msg to 1 msg=提醒您今日易利文采、明合暗斗、人心暗散...，看到的未必真实，表面的和睦经常是一种伪装，要用心去体会。“信眼不如信心。”
[2015-01-29 21:07:18.713] [DEBUG] push-logger - Send Msg to 1000 msg=提醒您今日易利文采、明合暗斗、人心暗散...，看到的未必真实，表面的和睦经常是一种伪装，要用心去体会。“信眼不如信心。”
[2015-01-29 21:07:18.720] [DEBUG] push-logger - Send Msg to 18 msg=提醒您今日易激烈争斗、是非、官非...，拼命坚持自己的见解，顽强的与人争执，是烦恼的成因。
[2015-01-29 21:07:18.721] [DEBUG] push-logger - Send Msg to 1842 msg=提醒您今日易贵人助、名声、干扰、风言风语...，风言风语本身不伤人，对它的执着计较却能伤到人，一个合格的修行者，是没有计较心的。
[2015-01-29 21:07:18.721] [DEBUG] push-logger - Send Msg to 1843 msg=提醒您今日易利文采、明合暗斗、人心暗散...，“学得一身艺，卖与帝王家。”文采常变成权贵的工具，或者利用它变成权贵。
[2015-01-29 21:07:18.723] [DEBUG] push-logger - Send Msg to 1893 msg=提醒您今日易得赏识、提携，升迁...，不知要多少个辗转腾挪才能走完这不易的人生，以至于好机会来临，我们又开始信心不足，犹疑不决。
[2015-01-29 21:07:18.724] [DEBUG] push-logger - Send Msg to 1926 msg=提醒您今日易得赏识、提携，升迁...，遇到好时机切勿犹疑退缩，无法预料这样时机，还要等到何时。
[2015-01-29 21:07:18.725] [DEBUG] push-logger - Send Msg to 1927 msg=提醒您今日易贵人助、名声、干扰、风言风语...，贵人未必是大人物，有巨大启发或接引的平常人同样不能忽视，它们往往是藏于民间的高人。
[2015-01-29 21:07:18.727] [DEBUG] push-logger - Send Msg to 1974 msg=提醒您今日易得赏识、提携，升迁...，遇到好时机切勿犹疑退缩，无法预料这样时机，还要等到何时。
[2015-01-29 21:07:18.727] [DEBUG] push-logger - Send Msg to 1976 msg=提醒您今日易得赏识、提携，升迁...，不知要多少个辗转腾挪才能走完这不易的人生，以至于好机会来临，我们又开始信心不足，犹疑不决。
[2015-01-29 21:07:18.728] [DEBUG] push-logger - Send Msg to 27 msg=提醒您今日易激烈争斗、是非、官非...，“与其能辨、不如能忍”。激烈的是非、争斗损伤很大，但往前细推初始的原因往往很小，当时完全可以不计较。
[2015-01-29 21:07:18.728] [DEBUG] push-logger - get push msg user count = 35
[2015-01-29 21:09:56.846] [DEBUG] push-logger - Send Msg to 1 msg=提醒您今日易利文采、明合暗斗、人心暗散...，“学得一身艺，卖与帝王家。”文采常变成权贵的工具，或者利用它变成权贵。
[2015-01-29 21:09:56.858] [DEBUG] push-logger - Send Msg to 1535 msg=提醒您今日易得赏识、提携，升迁...，遇到好时机切勿犹疑退缩，无法预料这样时机，还要等到何时。
[2015-01-29 21:09:56.860] [DEBUG] push-logger - Send Msg to 18 msg=提醒您今日易激烈争斗、是非、官非...，拼命坚持自己的见解，顽强的与人争执，是烦恼的成因。
[2015-01-29 21:09:56.861] [DEBUG] push-logger - Send Msg to 1842 msg=提醒您今日易贵人助、名声、干扰、风言风语...，邪说常常比真理更像真理，因为邪说更贴近人们的内心需求，邪说是人生路上的最大干扰。
[2015-01-29 21:09:56.861] [DEBUG] push-logger - Send Msg to 1843 msg=提醒您今日易利文采、明合暗斗、人心暗散...，“学得一身艺，卖与帝王家。”文采常变成权贵的工具，或者利用它变成权贵。
[2015-01-29 21:09:56.862] [DEBUG] push-logger - Send Msg to 1847 msg=提醒您今日易得赏识、提携，升迁...，在得到赏识与升迁背后，失去的不一定是辛勤与努力，而是对正义道德的坚持。
[2015-01-29 21:09:56.864] [DEBUG] push-logger - Send Msg to 1893 msg=提醒您今日易得赏识、提携，升迁...，遇到好时机切勿犹疑退缩，无法预料这样时机，还要等到何时。
[2015-01-29 21:09:56.864] [DEBUG] push-logger - Send Msg to 1894 msg=提醒您今日易得赏识、提携，升迁...，在得到赏识与升迁背后，失去的不一定是辛勤与努力，而是对正义道德的坚持。
[2015-01-29 21:09:56.865] [DEBUG] push-logger - Send Msg to 1926 msg=提醒您今日易得赏识、提携，升迁...，遇到好时机切勿犹疑退缩，无法预料这样时机，还要等到何时。
[2015-01-29 21:09:56.866] [DEBUG] push-logger - Send Msg to 1927 msg=提醒您今日易贵人助、名声、干扰、风言风语...，风言风语本身不伤人，对它的执着计较却能伤到人，一个合格的修行者，是没有计较心的。
[2015-01-29 21:09:56.868] [DEBUG] push-logger - Send Msg to 1974 msg=提醒您今日易得赏识、提携，升迁...，在得到赏识与升迁背后，失去的不一定是辛勤与努力，而是对正义道德的坚持。
[2015-01-29 21:09:56.869] [DEBUG] push-logger - Send Msg to 1976 msg=提醒您今日易得赏识、提携，升迁...，遇到好时机切勿犹疑退缩，无法预料这样时机，还要等到何时。
[2015-01-29 21:09:56.870] [DEBUG] push-logger - Send Msg to 27 msg=提醒您今日易激烈争斗、是非、官非...，“这个世界不争高下，只讲慈悲。”即使勉强胜利，争斗后的喜悦也是短暂的，对报复的不安却是长期的。
[2015-01-29 21:09:56.871] [DEBUG] push-logger - Send Msg to 3 msg=提醒您今日易贵人助、名声、干扰、风言风语...，邪说常常比真理更像真理，因为邪说更贴近人们的内心需求，邪说是人生路上的最大干扰。
[2015-01-29 21:09:56.871] [DEBUG] push-logger - get push msg user count = 35
[2015-01-29 21:10:55.169] [DEBUG] push-logger - Send Msg to 1 msg=提醒您今日易利文采、明合暗斗、人心暗散...，人心暗散经常因为长期对人对事的犹疑不决，属下无法适从便会明合暗斗。
[2015-01-29 21:10:55.175] [DEBUG] push-logger - Send Msg to 1000 msg=提醒您今日易利文采、明合暗斗、人心暗散...，“学得一身艺，卖与帝王家。”文采常变成权贵的工具，或者利用它变成权贵。
[2015-01-29 21:10:55.184] [DEBUG] push-logger - Send Msg to 1535 msg=提醒您今日易得赏识、提携，升迁...，遇到好时机切勿犹疑退缩，无法预料这样时机，还要等到何时。
[2015-01-29 21:10:55.185] [DEBUG] push-logger - Send Msg to 1843 msg=提醒您今日易利文采、明合暗斗、人心暗散...，“学得一身艺，卖与帝王家。”文采常变成权贵的工具，或者利用它变成权贵。
[2015-01-29 21:10:55.186] [DEBUG] push-logger - Send Msg to 1847 msg=提醒您今日易得赏识、提携，升迁...，在得到赏识与升迁背后，失去的不一定是辛勤与努力，而是对正义道德的坚持。
[2015-01-29 21:10:55.187] [DEBUG] push-logger - Send Msg to 1893 msg=提醒您今日易得赏识、提携，升迁...，不知要多少个辗转腾挪才能走完这不易的人生，以至于好机会来临，我们又开始信心不足，犹疑不决。
[2015-01-29 21:10:55.188] [DEBUG] push-logger - Send Msg to 1894 msg=提醒您今日易得赏识、提携，升迁...，在得到赏识与升迁背后，失去的不一定是辛勤与努力，而是对正义道德的坚持。
[2015-01-29 21:10:55.188] [DEBUG] push-logger - Send Msg to 1926 msg=提醒您今日易得赏识、提携，升迁...，不知要多少个辗转腾挪才能走完这不易的人生，以至于好机会来临，我们又开始信心不足，犹疑不决。
[2015-01-29 21:10:55.189] [DEBUG] push-logger - Send Msg to 1927 msg=提醒您今日易贵人助、名声、干扰、风言风语...，邪说常常比真理更像真理，因为邪说更贴近人们的内心需求，邪说是人生路上的最大干扰。
[2015-01-29 21:10:55.189] [DEBUG] push-logger - Send Msg to 1954 msg=提醒您今日易贵人助、名声、干扰、风言风语...，风言风语本身不伤人，对它的执着计较却能伤到人，一个合格的修行者，是没有计较心的。
[2015-01-29 21:10:55.190] [DEBUG] push-logger - Send Msg to 1974 msg=提醒您今日易得赏识、提携，升迁...，不知要多少个辗转腾挪才能走完这不易的人生，以至于好机会来临，我们又开始信心不足，犹疑不决。
[2015-01-29 21:10:55.191] [DEBUG] push-logger - Send Msg to 1976 msg=提醒您今日易得赏识、提携，升迁...，在得到赏识与升迁背后，失去的不一定是辛勤与努力，而是对正义道德的坚持。
[2015-01-29 21:10:55.192] [DEBUG] push-logger - Send Msg to 27 msg=提醒您今日易激烈争斗、是非、官非...，拼命坚持自己的见解，顽强的与人争执，是烦恼的成因。
[2015-01-29 21:10:55.192] [DEBUG] push-logger - Send Msg to 3 msg=提醒您今日易贵人助、名声、干扰、风言风语...，邪说常常比真理更像真理，因为邪说更贴近人们的内心需求，邪说是人生路上的最大干扰。
[2015-01-29 21:10:55.193] [DEBUG] push-logger - get push msg user count = 35
[2015-01-29 21:13:45.349] [DEBUG] push-logger - Send Msg to 1 msg=提醒您今日易利文采、明合暗斗、人心暗散...，“学得一身艺，卖与帝王家。”文采常变成权贵的工具，或者利用它变成权贵。
[2015-01-29 21:13:45.354] [DEBUG] push-logger - Send Msg to 1535 msg=提醒您今日易得赏识、提携，升迁...，在得到赏识与升迁背后，失去的不一定是辛勤与努力，而是对正义道德的坚持。
[2015-01-29 21:13:45.355] [DEBUG] push-logger - Send Msg to 18 msg=提醒您今日易激烈争斗、是非、官非...，拼命坚持自己的见解，顽强的与人争执，是烦恼的成因。
[2015-01-29 21:13:45.355] [DEBUG] push-logger - Send Msg to 1842 msg=提醒您今日易贵人助、名声、干扰、风言风语...，风言风语本身不伤人，对它的执着计较却能伤到人，一个合格的修行者，是没有计较心的。
[2015-01-29 21:13:45.356] [DEBUG] push-logger - Send Msg to 1847 msg=提醒您今日易得赏识、提携，升迁...，遇到好时机切勿犹疑退缩，无法预料这样时机，还要等到何时。
[2015-01-29 21:13:45.357] [DEBUG] push-logger - Send Msg to 1894 msg=提醒您今日易得赏识、提携，升迁...，不知要多少个辗转腾挪才能走完这不易的人生，以至于好机会来临，我们又开始信心不足，犹疑不决。
[2015-01-29 21:13:45.358] [DEBUG] push-logger - Send Msg to 1926 msg=提醒您今日易得赏识、提携，升迁...，在得到赏识与升迁背后，失去的不一定是辛勤与努力，而是对正义道德的坚持。
[2015-01-29 21:13:45.358] [DEBUG] push-logger - Send Msg to 1927 msg=提醒您今日易贵人助、名声、干扰、风言风语...，风言风语本身不伤人，对它的执着计较却能伤到人，一个合格的修行者，是没有计较心的。
[2015-01-29 21:13:45.359] [DEBUG] push-logger - Send Msg to 1954 msg=提醒您今日易贵人助、名声、干扰、风言风语...，风言风语本身不伤人，对它的执着计较却能伤到人，一个合格的修行者，是没有计较心的。
[2015-01-29 21:13:45.360] [DEBUG] push-logger - Send Msg to 1976 msg=提醒您今日易得赏识、提携，升迁...，不知要多少个辗转腾挪才能走完这不易的人生，以至于好机会来临，我们又开始信心不足，犹疑不决。
[2015-01-29 21:13:45.360] [DEBUG] push-logger - Send Msg to 3 msg=提醒您今日易贵人助、名声、干扰、风言风语...，邪说常常比真理更像真理，因为邪说更贴近人们的内心需求，邪说是人生路上的最大干扰。
[2015-01-29 21:13:45.361] [DEBUG] push-logger - get push msg user count = 35
[2015-01-29 21:14:04.990] [DEBUG] push-logger - Send Msg to 1 msg=提醒您今日易利文采、明合暗斗、人心暗散...，“学得一身艺，卖与帝王家。”文采常变成权贵的工具，或者利用它变成权贵。
[2015-01-29 21:14:04.994] [DEBUG] push-logger - Send Msg to 1000 msg=提醒您今日易利文采、明合暗斗、人心暗散...，“学得一身艺，卖与帝王家。”文采常变成权贵的工具，或者利用它变成权贵。
[2015-01-29 21:14:05.001] [DEBUG] push-logger - Send Msg to 1535 msg=提醒您今日易得赏识、提携，升迁...，遇到好时机切勿犹疑退缩，无法预料这样时机，还要等到何时。
[2015-01-29 21:14:05.001] [DEBUG] push-logger - Send Msg to 18 msg=提醒您今日易激烈争斗、是非、官非...，“这个世界不争高下，只讲慈悲。”即使勉强胜利，争斗后的喜悦也是短暂的，对报复的不安却是长期的。
[2015-01-29 21:14:05.002] [DEBUG] push-logger - Send Msg to 1842 msg=提醒您今日易贵人助、名声、干扰、风言风语...，风言风语本身不伤人，对它的执着计较却能伤到人，一个合格的修行者，是没有计较心的。
[2015-01-29 21:14:05.002] [DEBUG] push-logger - Send Msg to 1843 msg=提醒您今日易利文采、明合暗斗、人心暗散...，看到的未必真实，表面的和睦经常是一种伪装，要用心去体会。“信眼不如信心。”
[2015-01-29 21:14:05.003] [DEBUG] push-logger - Send Msg to 1847 msg=提醒您今日易得赏识、提携，升迁...，遇到好时机切勿犹疑退缩，无法预料这样时机，还要等到何时。
[2015-01-29 21:14:05.004] [DEBUG] push-logger - Send Msg to 1927 msg=提醒您今日易贵人助、名声、干扰、风言风语...，邪说常常比真理更像真理，因为邪说更贴近人们的内心需求，邪说是人生路上的最大干扰。
[2015-01-29 21:14:05.005] [DEBUG] push-logger - Send Msg to 1954 msg=提醒您今日易贵人助、名声、干扰、风言风语...，贵人未必是大人物，有巨大启发或接引的平常人同样不能忽视，它们往往是藏于民间的高人。
[2015-01-29 21:14:05.006] [DEBUG] push-logger - Send Msg to 1974 msg=提醒您今日易得赏识、提携，升迁...，在得到赏识与升迁背后，失去的不一定是辛勤与努力，而是对正义道德的坚持。
[2015-01-29 21:14:05.007] [DEBUG] push-logger - Send Msg to 27 msg=提醒您今日易激烈争斗、是非、官非...，拼命坚持自己的见解，顽强的与人争执，是烦恼的成因。
[2015-01-29 21:14:05.007] [DEBUG] push-logger - Send Msg to 3 msg=提醒您今日易贵人助、名声、干扰、风言风语...，风言风语本身不伤人，对它的执着计较却能伤到人，一个合格的修行者，是没有计较心的。
[2015-01-29 21:14:05.007] [DEBUG] push-logger - get push msg user count = 35
[2015-01-29 21:16:08.384] [DEBUG] push-logger - Send Msg to 1 msg=提醒您今日易利文采、明合暗斗、人心暗散...，看到的未必真实，表面的和睦经常是一种伪装，要用心去体会。“信眼不如信心。”
[2015-01-29 21:16:08.388] [DEBUG] push-logger - Send Msg to 1000 msg=提醒您今日易利文采、明合暗斗、人心暗散...，人心暗散经常因为长期对人对事的犹疑不决，属下无法适从便会明合暗斗。
[2015-01-29 21:16:08.393] [DEBUG] push-logger - Send Msg to 18 msg=提醒您今日易激烈争斗、是非、官非...，“与其能辨、不如能忍”。激烈的是非、争斗损伤很大，但往前细推初始的原因往往很小，当时完全可以不计较。
[2015-01-29 21:16:08.394] [DEBUG] push-logger - Send Msg to 1842 msg=提醒您今日易贵人助、名声、干扰、风言风语...，邪说常常比真理更像真理，因为邪说更贴近人们的内心需求，邪说是人生路上的最大干扰。
[2015-01-29 21:16:08.394] [DEBUG] push-logger - Send Msg to 1843 msg=提醒您今日易利文采、明合暗斗、人心暗散...，看到的未必真实，表面的和睦经常是一种伪装，要用心去体会。“信眼不如信心。”
[2015-01-29 21:16:08.395] [DEBUG] push-logger - Send Msg to 1847 msg=提醒您今日易得赏识、提携，升迁...，遇到好时机切勿犹疑退缩，无法预料这样时机，还要等到何时。
[2015-01-29 21:16:08.396] [DEBUG] push-logger - Send Msg to 1927 msg=提醒您今日易贵人助、名声、干扰、风言风语...，贵人未必是大人物，有巨大启发或接引的平常人同样不能忽视，它们往往是藏于民间的高人。
[2015-01-29 21:16:08.397] [DEBUG] push-logger - Send Msg to 1974 msg=提醒您今日易得赏识、提携，升迁...，遇到好时机切勿犹疑退缩，无法预料这样时机，还要等到何时。
[2015-01-29 21:16:08.397] [DEBUG] push-logger - Send Msg to 1976 msg=提醒您今日易得赏识、提携，升迁...，遇到好时机切勿犹疑退缩，无法预料这样时机，还要等到何时。
[2015-01-29 21:16:08.398] [DEBUG] push-logger - get push msg user count = 35
[2015-01-29 21:18:25.326] [DEBUG] push-logger - Send Msg to 1 msg=提醒您今日易利文采、明合暗斗、人心暗散...，“学得一身艺，卖与帝王家。”文采常变成权贵的工具，或者利用它变成权贵。
[2015-01-29 21:18:25.331] [DEBUG] push-logger - Send Msg to 1000 msg=提醒您今日易利文采、明合暗斗、人心暗散...，看到的未必真实，表面的和睦经常是一种伪装，要用心去体会。“信眼不如信心。”
[2015-01-29 21:18:25.338] [DEBUG] push-logger - Send Msg to 1535 msg=提醒您今日易得赏识、提携，升迁...，不知要多少个辗转腾挪才能走完这不易的人生，以至于好机会来临，我们又开始信心不足，犹疑不决。
[2015-01-29 21:18:25.339] [DEBUG] push-logger - Send Msg to 18 msg=提醒您今日易激烈争斗、是非、官非...，拼命坚持自己的见解，顽强的与人争执，是烦恼的成因。
[2015-01-29 21:18:25.340] [DEBUG] push-logger - Send Msg to 1842 msg=提醒您今日易贵人助、名声、干扰、风言风语...，贵人未必是大人物，有巨大启发或接引的平常人同样不能忽视，它们往往是藏于民间的高人。
[2015-01-29 21:18:25.340] [DEBUG] push-logger - Send Msg to 1843 msg=提醒您今日易利文采、明合暗斗、人心暗散...，“学得一身艺，卖与帝王家。”文采常变成权贵的工具，或者利用它变成权贵。
[2015-01-29 21:18:25.341] [DEBUG] push-logger - Send Msg to 1847 msg=提醒您今日易得赏识、提携，升迁...，不知要多少个辗转腾挪才能走完这不易的人生，以至于好机会来临，我们又开始信心不足，犹疑不决。
[2015-01-29 21:18:25.342] [DEBUG] push-logger - Send Msg to 1893 msg=提醒您今日易得赏识、提携，升迁...，不知要多少个辗转腾挪才能走完这不易的人生，以至于好机会来临，我们又开始信心不足，犹疑不决。
[2015-01-29 21:18:25.343] [DEBUG] push-logger - Send Msg to 1894 msg=提醒您今日易得赏识、提携，升迁...，在得到赏识与升迁背后，失去的不一定是辛勤与努力，而是对正义道德的坚持。
[2015-01-29 21:18:25.343] [DEBUG] push-logger - Send Msg to 1926 msg=提醒您今日易得赏识、提携，升迁...，在得到赏识与升迁背后，失去的不一定是辛勤与努力，而是对正义道德的坚持。
[2015-01-29 21:18:25.344] [DEBUG] push-logger - Send Msg to 1927 msg=提醒您今日易贵人助、名声、干扰、风言风语...，贵人未必是大人物，有巨大启发或接引的平常人同样不能忽视，它们往往是藏于民间的高人。
[2015-01-29 21:18:25.344] [DEBUG] push-logger - Send Msg to 1954 msg=提醒您今日易贵人助、名声、干扰、风言风语...，邪说常常比真理更像真理，因为邪说更贴近人们的内心需求，邪说是人生路上的最大干扰。
[2015-01-29 21:18:25.345] [DEBUG] push-logger - Send Msg to 1974 msg=提醒您今日易得赏识、提携，升迁...，在得到赏识与升迁背后，失去的不一定是辛勤与努力，而是对正义道德的坚持。
[2015-01-29 21:18:25.345] [DEBUG] push-logger - Send Msg to 1976 msg=提醒您今日易得赏识、提携，升迁...，在得到赏识与升迁背后，失去的不一定是辛勤与努力，而是对正义道德的坚持。
[2015-01-29 21:18:25.346] [DEBUG] push-logger - Send Msg to 27 msg=提醒您今日易激烈争斗、是非、官非...，拼命坚持自己的见解，顽强的与人争执，是烦恼的成因。
[2015-01-29 21:18:25.347] [DEBUG] push-logger - get push msg user count = 35
[2015-01-29 23:30:50.042] [DEBUG] push-logger - Send Msg to 1 msg=提醒您今日易利文采、明合暗斗、人心暗散...，看到的未必真实，表面的和睦经常是一种伪装，要用心去体会。“信眼不如信心。”
[2015-01-29 23:30:50.045] [DEBUG] push-logger - Send Msg to 1000 msg=提醒您今日易利文采、明合暗斗、人心暗散...，看到的未必真实，表面的和睦经常是一种伪装，要用心去体会。“信眼不如信心。”
[2015-01-29 23:30:50.051] [DEBUG] push-logger - Send Msg to 18 msg=提醒您今日易激烈争斗、是非、官非...，拼命坚持自己的见解，顽强的与人争执，是烦恼的成因。
[2015-01-29 23:30:50.052] [DEBUG] push-logger - Send Msg to 1842 msg=提醒您今日易贵人助、名声、干扰、风言风语...，风言风语本身不伤人，对它的执着计较却能伤到人，一个合格的修行者，是没有计较心的。
[2015-01-29 23:30:50.052] [DEBUG] push-logger - Send Msg to 1843 msg=提醒您今日易利文采、明合暗斗、人心暗散...，看到的未必真实，表面的和睦经常是一种伪装，要用心去体会。“信眼不如信心。”
[2015-01-29 23:30:50.053] [DEBUG] push-logger - Send Msg to 1847 msg=提醒您今日易得赏识、提携，升迁...，不知要多少个辗转腾挪才能走完这不易的人生，以至于好机会来临，我们又开始信心不足，犹疑不决。
[2015-01-29 23:30:50.053] [DEBUG] push-logger - Send Msg to 1893 msg=提醒您今日易得赏识、提携，升迁...，不知要多少个辗转腾挪才能走完这不易的人生，以至于好机会来临，我们又开始信心不足，犹疑不决。
[2015-01-29 23:30:50.054] [DEBUG] push-logger - Send Msg to 1926 msg=提醒您今日易得赏识、提携，升迁...，遇到好时机切勿犹疑退缩，无法预料这样时机，还要等到何时。
[2015-01-29 23:30:50.055] [DEBUG] push-logger - Send Msg to 1927 msg=提醒您今日易贵人助、名声、干扰、风言风语...，贵人未必是大人物，有巨大启发或接引的平常人同样不能忽视，它们往往是藏于民间的高人。
[2015-01-29 23:30:50.055] [DEBUG] push-logger - Send Msg to 1974 msg=提醒您今日易得赏识、提携，升迁...，不知要多少个辗转腾挪才能走完这不易的人生，以至于好机会来临，我们又开始信心不足，犹疑不决。
[2015-01-29 23:30:50.056] [DEBUG] push-logger - Send Msg to 27 msg=提醒您今日易激烈争斗、是非、官非...，“与其能辨、不如能忍”。激烈的是非、争斗损伤很大，但往前细推初始的原因往往很小，当时完全可以不计较。
[2015-01-29 23:30:50.057] [DEBUG] push-logger - Send Msg to 3 msg=提醒您今日易贵人助、名声、干扰、风言风语...，风言风语本身不伤人，对它的执着计较却能伤到人，一个合格的修行者，是没有计较心的。
[2015-01-29 23:30:50.057] [DEBUG] push-logger - get push msg user count = 35
[2015-01-29 23:31:01.661] [DEBUG] push-logger - Send Msg to 1000 msg=提醒您今日易利文采、明合暗斗、人心暗散...，看到的未必真实，表面的和睦经常是一种伪装，要用心去体会。“信眼不如信心。”
[2015-01-29 23:31:01.685] [DEBUG] push-logger - Send Msg to 18 msg=提醒您今日易激烈争斗、是非、官非...，“这个世界不争高下，只讲慈悲。”即使勉强胜利，争斗后的喜悦也是短暂的，对报复的不安却是长期的。
[2015-01-29 23:31:01.690] [DEBUG] push-logger - Send Msg to 1843 msg=提醒您今日易利文采、明合暗斗、人心暗散...，“学得一身艺，卖与帝王家。”文采常变成权贵的工具，或者利用它变成权贵。
[2015-01-29 23:31:01.692] [DEBUG] push-logger - Send Msg to 1847 msg=提醒您今日易得赏识、提携，升迁...，遇到好时机切勿犹疑退缩，无法预料这样时机，还要等到何时。
[2015-01-29 23:31:01.693] [DEBUG] push-logger - Send Msg to 1894 msg=提醒您今日易得赏识、提携，升迁...，遇到好时机切勿犹疑退缩，无法预料这样时机，还要等到何时。
[2015-01-29 23:31:01.694] [DEBUG] push-logger - Send Msg to 1926 msg=提醒您今日易得赏识、提携，升迁...，遇到好时机切勿犹疑退缩，无法预料这样时机，还要等到何时。
[2015-01-29 23:31:01.695] [DEBUG] push-logger - Send Msg to 1954 msg=提醒您今日易贵人助、名声、干扰、风言风语...，风言风语本身不伤人，对它的执着计较却能伤到人，一个合格的修行者，是没有计较心的。
[2015-01-29 23:31:01.696] [DEBUG] push-logger - Send Msg to 1974 msg=提醒您今日易得赏识、提携，升迁...，遇到好时机切勿犹疑退缩，无法预料这样时机，还要等到何时。
[2015-01-29 23:31:01.698] [DEBUG] push-logger - Send Msg to 27 msg=提醒您今日易激烈争斗、是非、官非...，“这个世界不争高下，只讲慈悲。”即使勉强胜利，争斗后的喜悦也是短暂的，对报复的不安却是长期的。
[2015-01-29 23:31:01.699] [DEBUG] push-logger - Send Msg to 3 msg=提醒您今日易贵人助、名声、干扰、风言风语...，邪说常常比真理更像真理，因为邪说更贴近人们的内心需求，邪说是人生路上的最大干扰。
[2015-01-29 23:31:01.699] [DEBUG] push-logger - get push msg user count = 35
[2015-01-29 23:33:00.788] [DEBUG] push-logger - Send Msg to 1000 msg=提醒您今日易利文采、明合暗斗、人心暗散...，看到的未必真实，表面的和睦经常是一种伪装，要用心去体会。“信眼不如信心。”
[2015-01-29 23:33:00.812] [DEBUG] push-logger - Send Msg to 18 msg=提醒您今日易激烈争斗、是非、官非...，“与其能辨、不如能忍”。激烈的是非、争斗损伤很大，但往前细推初始的原因往往很小，当时完全可以不计较。
[2015-01-29 23:33:00.815] [DEBUG] push-logger - Send Msg to 1843 msg=提醒您今日易利文采、明合暗斗、人心暗散...，看到的未必真实，表面的和睦经常是一种伪装，要用心去体会。“信眼不如信心。”
[2015-01-29 23:33:00.819] [DEBUG] push-logger - Send Msg to 1847 msg=提醒您今日易得赏识、提携，升迁...，在得到赏识与升迁背后，失去的不一定是辛勤与努力，而是对正义道德的坚持。
[2015-01-29 23:33:00.820] [DEBUG] push-logger - Send Msg to 1894 msg=提醒您今日易得赏识、提携，升迁...，在得到赏识与升迁背后，失去的不一定是辛勤与努力，而是对正义道德的坚持。
[2015-01-29 23:33:00.822] [DEBUG] push-logger - Send Msg to 1954 msg=提醒您今日易贵人助、名声、干扰、风言风语...，风言风语本身不伤人，对它的执着计较却能伤到人，一个合格的修行者，是没有计较心的。
[2015-01-29 23:33:00.824] [DEBUG] push-logger - Send Msg to 1974 msg=提醒您今日易得赏识、提携，升迁...，不知要多少个辗转腾挪才能走完这不易的人生，以至于好机会来临，我们又开始信心不足，犹疑不决。
[2015-01-29 23:33:00.824] [DEBUG] push-logger - Send Msg to 1976 msg=提醒您今日易得赏识、提携，升迁...，遇到好时机切勿犹疑退缩，无法预料这样时机，还要等到何时。
[2015-01-29 23:33:00.826] [DEBUG] push-logger - Send Msg to 27 msg=提醒您今日易激烈争斗、是非、官非...，拼命坚持自己的见解，顽强的与人争执，是烦恼的成因。
[2015-01-29 23:33:00.826] [DEBUG] push-logger - Send Msg to 3 msg=提醒您今日易贵人助、名声、干扰、风言风语...，风言风语本身不伤人，对它的执着计较却能伤到人，一个合格的修行者，是没有计较心的。
[2015-01-29 23:33:00.827] [DEBUG] push-logger - get push msg user count = 35
[2015-01-29 23:33:44.824] [DEBUG] push-logger - Send Msg to 1 msg=提醒您今日易利文采、明合暗斗、人心暗散...，看到的未必真实，表面的和睦经常是一种伪装，要用心去体会。“信眼不如信心。”
[2015-01-29 23:33:44.830] [DEBUG] push-logger - Send Msg to 1000 msg=提醒您今日易利文采、明合暗斗、人心暗散...，看到的未必真实，表面的和睦经常是一种伪装，要用心去体会。“信眼不如信心。”
[2015-01-29 23:33:44.839] [DEBUG] push-logger - Send Msg to 1535 msg=提醒您今日易得赏识、提携，升迁...，遇到好时机切勿犹疑退缩，无法预料这样时机，还要等到何时。
[2015-01-29 23:33:44.841] [DEBUG] push-logger - Send Msg to 1842 msg=提醒您今日易贵人助、名声、干扰、风言风语...，贵人未必是大人物，有巨大启发或接引的平常人同样不能忽视，它们往往是藏于民间的高人。
[2015-01-29 23:33:44.841] [DEBUG] push-logger - Send Msg to 1843 msg=提醒您今日易利文采、明合暗斗、人心暗散...，“学得一身艺，卖与帝王家。”文采常变成权贵的工具，或者利用它变成权贵。
[2015-01-29 23:33:44.843] [DEBUG] push-logger - Send Msg to 1894 msg=提醒您今日易得赏识、提携，升迁...，遇到好时机切勿犹疑退缩，无法预料这样时机，还要等到何时。
[2015-01-29 23:33:44.844] [DEBUG] push-logger - Send Msg to 1927 msg=提醒您今日易贵人助、名声、干扰、风言风语...，贵人未必是大人物，有巨大启发或接引的平常人同样不能忽视，它们往往是藏于民间的高人。
[2015-01-29 23:33:44.845] [DEBUG] push-logger - Send Msg to 1954 msg=提醒您今日易贵人助、名声、干扰、风言风语...，邪说常常比真理更像真理，因为邪说更贴近人们的内心需求，邪说是人生路上的最大干扰。
[2015-01-29 23:33:44.846] [DEBUG] push-logger - Send Msg to 1974 msg=提醒您今日易得赏识、提携，升迁...，不知要多少个辗转腾挪才能走完这不易的人生，以至于好机会来临，我们又开始信心不足，犹疑不决。
[2015-01-29 23:33:44.847] [DEBUG] push-logger - Send Msg to 27 msg=提醒您今日易激烈争斗、是非、官非...，拼命坚持自己的见解，顽强的与人争执，是烦恼的成因。
[2015-01-29 23:33:44.848] [DEBUG] push-logger - Send Msg to 3 msg=提醒您今日易贵人助、名声、干扰、风言风语...，邪说常常比真理更像真理，因为邪说更贴近人们的内心需求，邪说是人生路上的最大干扰。
[2015-01-29 23:33:44.848] [DEBUG] push-logger - get push msg user count = 35
[2015-01-29 23:35:34.029] [DEBUG] push-logger - Send Msg to 1 msg=提醒您今日易利文采、明合暗斗、人心暗散...，人心暗散经常因为长期对人对事的犹疑不决，属下无法适从便会明合暗斗。
[2015-01-29 23:35:34.039] [DEBUG] push-logger - Send Msg to 1000 msg=提醒您今日易利文采、明合暗斗、人心暗散...，“学得一身艺，卖与帝王家。”文采常变成权贵的工具，或者利用它变成权贵。
[2015-01-29 23:35:34.055] [DEBUG] push-logger - Send Msg to 18 msg=提醒您今日易激烈争斗、是非、官非...，“这个世界不争高下，只讲慈悲。”即使勉强胜利，争斗后的喜悦也是短暂的，对报复的不安却是长期的。
[2015-01-29 23:35:34.056] [DEBUG] push-logger - Send Msg to 1843 msg=提醒您今日易利文采、明合暗斗、人心暗散...，看到的未必真实，表面的和睦经常是一种伪装，要用心去体会。“信眼不如信心。”
[2015-01-29 23:35:34.057] [DEBUG] push-logger - Send Msg to 1847 msg=提醒您今日易得赏识、提携，升迁...，不知要多少个辗转腾挪才能走完这不易的人生，以至于好机会来临，我们又开始信心不足，犹疑不决。
[2015-01-29 23:35:34.058] [DEBUG] push-logger - Send Msg to 1893 msg=提醒您今日易得赏识、提携，升迁...，不知要多少个辗转腾挪才能走完这不易的人生，以至于好机会来临，我们又开始信心不足，犹疑不决。
[2015-01-29 23:35:34.058] [DEBUG] push-logger - Send Msg to 1894 msg=提醒您今日易得赏识、提携，升迁...，在得到赏识与升迁背后，失去的不一定是辛勤与努力，而是对正义道德的坚持。
[2015-01-29 23:35:34.059] [DEBUG] push-logger - Send Msg to 1927 msg=提醒您今日易贵人助、名声、干扰、风言风语...，风言风语本身不伤人，对它的执着计较却能伤到人，一个合格的修行者，是没有计较心的。
[2015-01-29 23:35:34.060] [DEBUG] push-logger - Send Msg to 1954 msg=提醒您今日易贵人助、名声、干扰、风言风语...，贵人未必是大人物，有巨大启发或接引的平常人同样不能忽视，它们往往是藏于民间的高人。
[2015-01-29 23:35:34.061] [DEBUG] push-logger - Send Msg to 1974 msg=提醒您今日易得赏识、提携，升迁...，在得到赏识与升迁背后，失去的不一定是辛勤与努力，而是对正义道德的坚持。
[2015-01-29 23:35:34.062] [DEBUG] push-logger - Send Msg to 3 msg=提醒您今日易贵人助、名声、干扰、风言风语...，风言风语本身不伤人，对它的执着计较却能伤到人，一个合格的修行者，是没有计较心的。
[2015-01-29 23:35:34.062] [DEBUG] push-logger - get push msg user count = 35
[2015-01-29 23:37:09.362] [DEBUG] push-logger - Send Msg to 1535 msg=提醒您今日易得赏识、提携，升迁...，遇到好时机切勿犹疑退缩，无法预料这样时机，还要等到何时。
[2015-01-29 23:37:09.368] [DEBUG] push-logger - Send Msg to 18 msg=提醒您今日易激烈争斗、是非、官非...，“与其能辨、不如能忍”。激烈的是非、争斗损伤很大，但往前细推初始的原因往往很小，当时完全可以不计较。
[2015-01-29 23:37:09.368] [DEBUG] push-logger - Send Msg to 1842 msg=提醒您今日易贵人助、名声、干扰、风言风语...，风言风语本身不伤人，对它的执着计较却能伤到人，一个合格的修行者，是没有计较心的。
[2015-01-29 23:37:09.369] [DEBUG] push-logger - Send Msg to 1847 msg=提醒您今日易得赏识、提携，升迁...，遇到好时机切勿犹疑退缩，无法预料这样时机，还要等到何时。
[2015-01-29 23:37:09.371] [DEBUG] push-logger - Send Msg to 1926 msg=提醒您今日易得赏识、提携，升迁...，不知要多少个辗转腾挪才能走完这不易的人生，以至于好机会来临，我们又开始信心不足，犹疑不决。
[2015-01-29 23:37:09.372] [DEBUG] push-logger - Send Msg to 1927 msg=提醒您今日易贵人助、名声、干扰、风言风语...，风言风语本身不伤人，对它的执着计较却能伤到人，一个合格的修行者，是没有计较心的。
[2015-01-29 23:37:09.373] [DEBUG] push-logger - Send Msg to 1974 msg=提醒您今日易得赏识、提携，升迁...，不知要多少个辗转腾挪才能走完这不易的人生，以至于好机会来临，我们又开始信心不足，犹疑不决。
[2015-01-29 23:37:09.374] [DEBUG] push-logger - Send Msg to 1976 msg=提醒您今日易得赏识、提携，升迁...，不知要多少个辗转腾挪才能走完这不易的人生，以至于好机会来临，我们又开始信心不足，犹疑不决。
[2015-01-29 23:37:09.375] [DEBUG] push-logger - Send Msg to 27 msg=提醒您今日易激烈争斗、是非、官非...，“这个世界不争高下，只讲慈悲。”即使勉强胜利，争斗后的喜悦也是短暂的，对报复的不安却是长期的。
[2015-01-29 23:37:09.376] [DEBUG] push-logger - Send Msg to 3 msg=提醒您今日易贵人助、名声、干扰、风言风语...，贵人未必是大人物，有巨大启发或接引的平常人同样不能忽视，它们往往是藏于民间的高人。
[2015-01-29 23:37:09.376] [DEBUG] push-logger - get push msg user count = 35
[2015-01-29 23:38:11.197] [DEBUG] push-logger - Send Msg to 1 msg=提醒您今日易利文采、明合暗斗、人心暗散...，“学得一身艺，卖与帝王家。”文采常变成权贵的工具，或者利用它变成权贵。
[2015-01-29 23:38:11.201] [DEBUG] push-logger - Send Msg to 1000 msg=提醒您今日易利文采、明合暗斗、人心暗散...，人心暗散经常因为长期对人对事的犹疑不决，属下无法适从便会明合暗斗。
[2015-01-29 23:38:11.208] [DEBUG] push-logger - Send Msg to 1535 msg=提醒您今日易得赏识、提携，升迁...，遇到好时机切勿犹疑退缩，无法预料这样时机，还要等到何时。
[2015-01-29 23:38:11.209] [DEBUG] push-logger - Send Msg to 18 msg=提醒您今日易激烈争斗、是非、官非...，拼命坚持自己的见解，顽强的与人争执，是烦恼的成因。
[2015-01-29 23:38:11.210] [DEBUG] push-logger - Send Msg to 1842 msg=提醒您今日易贵人助、名声、干扰、风言风语...，贵人未必是大人物，有巨大启发或接引的平常人同样不能忽视，它们往往是藏于民间的高人。
[2015-01-29 23:38:11.210] [DEBUG] push-logger - Send Msg to 1843 msg=提醒您今日易利文采、明合暗斗、人心暗散...，“学得一身艺，卖与帝王家。”文采常变成权贵的工具，或者利用它变成权贵。
[2015-01-29 23:38:11.212] [DEBUG] push-logger - Send Msg to 1894 msg=提醒您今日易得赏识、提携，升迁...，遇到好时机切勿犹疑退缩，无法预料这样时机，还要等到何时。
[2015-01-29 23:38:11.212] [DEBUG] push-logger - Send Msg to 1926 msg=提醒您今日易得赏识、提携，升迁...，在得到赏识与升迁背后，失去的不一定是辛勤与努力，而是对正义道德的坚持。
[2015-01-29 23:38:11.213] [DEBUG] push-logger - Send Msg to 1927 msg=提醒您今日易贵人助、名声、干扰、风言风语...，风言风语本身不伤人，对它的执着计较却能伤到人，一个合格的修行者，是没有计较心的。
[2015-01-29 23:38:11.213] [DEBUG] push-logger - Send Msg to 1954 msg=提醒您今日易贵人助、名声、干扰、风言风语...，贵人未必是大人物，有巨大启发或接引的平常人同样不能忽视，它们往往是藏于民间的高人。
[2015-01-29 23:38:11.214] [DEBUG] push-logger - Send Msg to 1974 msg=提醒您今日易得赏识、提携，升迁...，遇到好时机切勿犹疑退缩，无法预料这样时机，还要等到何时。
[2015-01-29 23:38:11.215] [DEBUG] push-logger - Send Msg to 1976 msg=提醒您今日易得赏识、提携，升迁...，不知要多少个辗转腾挪才能走完这不易的人生，以至于好机会来临，我们又开始信心不足，犹疑不决。
[2015-01-29 23:38:11.215] [DEBUG] push-logger - Send Msg to 27 msg=提醒您今日易激烈争斗、是非、官非...，拼命坚持自己的见解，顽强的与人争执，是烦恼的成因。
[2015-01-29 23:38:11.216] [DEBUG] push-logger - Send Msg to 3 msg=提醒您今日易贵人助、名声、干扰、风言风语...，风言风语本身不伤人，对它的执着计较却能伤到人，一个合格的修行者，是没有计较心的。
[2015-01-29 23:38:11.216] [DEBUG] push-logger - get push msg user count = 35
[2015-01-29 23:40:35.255] [DEBUG] push-logger - Send Msg to 1000 msg=提醒您今日易利文采、明合暗斗、人心暗散...，“学得一身艺，卖与帝王家。”文采常变成权贵的工具，或者利用它变成权贵。
[2015-01-29 23:40:35.267] [DEBUG] push-logger - Send Msg to 1535 msg=提醒您今日易得赏识、提携，升迁...，在得到赏识与升迁背后，失去的不一定是辛勤与努力，而是对正义道德的坚持。
[2015-01-29 23:40:35.272] [DEBUG] push-logger - Send Msg to 18 msg=提醒您今日易激烈争斗、是非、官非...，“与其能辨、不如能忍”。激烈的是非、争斗损伤很大，但往前细推初始的原因往往很小，当时完全可以不计较。
[2015-01-29 23:40:35.273] [DEBUG] push-logger - Send Msg to 1843 msg=提醒您今日易利文采、明合暗斗、人心暗散...，看到的未必真实，表面的和睦经常是一种伪装，要用心去体会。“信眼不如信心。”
[2015-01-29 23:40:35.274] [DEBUG] push-logger - Send Msg to 1847 msg=提醒您今日易得赏识、提携，升迁...，在得到赏识与升迁背后，失去的不一定是辛勤与努力，而是对正义道德的坚持。
[2015-01-29 23:40:35.275] [DEBUG] push-logger - Send Msg to 1893 msg=提醒您今日易得赏识、提携，升迁...，在得到赏识与升迁背后，失去的不一定是辛勤与努力，而是对正义道德的坚持。
[2015-01-29 23:40:35.277] [DEBUG] push-logger - Send Msg to 1926 msg=提醒您今日易得赏识、提携，升迁...，遇到好时机切勿犹疑退缩，无法预料这样时机，还要等到何时。
[2015-01-29 23:40:35.277] [DEBUG] push-logger - Send Msg to 1927 msg=提醒您今日易贵人助、名声、干扰、风言风语...，风言风语本身不伤人，对它的执着计较却能伤到人，一个合格的修行者，是没有计较心的。
[2015-01-29 23:40:35.278] [DEBUG] push-logger - Send Msg to 1954 msg=提醒您今日易贵人助、名声、干扰、风言风语...，贵人未必是大人物，有巨大启发或接引的平常人同样不能忽视，它们往往是藏于民间的高人。
[2015-01-29 23:40:35.279] [DEBUG] push-logger - Send Msg to 1974 msg=提醒您今日易得赏识、提携，升迁...，不知要多少个辗转腾挪才能走完这不易的人生，以至于好机会来临，我们又开始信心不足，犹疑不决。
[2015-01-29 23:40:35.279] [DEBUG] push-logger - Send Msg to 1976 msg=提醒您今日易得赏识、提携，升迁...，在得到赏识与升迁背后，失去的不一定是辛勤与努力，而是对正义道德的坚持。
[2015-01-29 23:40:35.280] [DEBUG] push-logger - Send Msg to 27 msg=提醒您今日易激烈争斗、是非、官非...，“这个世界不争高下，只讲慈悲。”即使勉强胜利，争斗后的喜悦也是短暂的，对报复的不安却是长期的。
[2015-01-29 23:40:35.281] [DEBUG] push-logger - Send Msg to 3 msg=提醒您今日易贵人助、名声、干扰、风言风语...，邪说常常比真理更像真理，因为邪说更贴近人们的内心需求，邪说是人生路上的最大干扰。
[2015-01-29 23:40:35.281] [DEBUG] push-logger - get push msg user count = 35
[2015-01-29 23:41:36.254] [DEBUG] push-logger - Send Msg to 1 msg=提醒您今日易利文采、明合暗斗、人心暗散...，看到的未必真实，表面的和睦经常是一种伪装，要用心去体会。“信眼不如信心。”
[2015-01-29 23:41:36.260] [DEBUG] push-logger - Send Msg to 1000 msg=提醒您今日易利文采、明合暗斗、人心暗散...，看到的未必真实，表面的和睦经常是一种伪装，要用心去体会。“信眼不如信心。”
[2015-01-29 23:41:36.271] [DEBUG] push-logger - Send Msg to 1535 msg=提醒您今日易得赏识、提携，升迁...，在得到赏识与升迁背后，失去的不一定是辛勤与努力，而是对正义道德的坚持。
[2015-01-29 23:41:36.272] [DEBUG] push-logger - Send Msg to 18 msg=提醒您今日易激烈争斗、是非、官非...，“这个世界不争高下，只讲慈悲。”即使勉强胜利，争斗后的喜悦也是短暂的，对报复的不安却是长期的。
[2015-01-29 23:41:36.272] [DEBUG] push-logger - Send Msg to 1843 msg=提醒您今日易利文采、明合暗斗、人心暗散...，“学得一身艺，卖与帝王家。”文采常变成权贵的工具，或者利用它变成权贵。
[2015-01-29 23:41:36.275] [DEBUG] push-logger - Send Msg to 1926 msg=提醒您今日易得赏识、提携，升迁...，在得到赏识与升迁背后，失去的不一定是辛勤与努力，而是对正义道德的坚持。
[2015-01-29 23:41:36.276] [DEBUG] push-logger - Send Msg to 1927 msg=提醒您今日易贵人助、名声、干扰、风言风语...，风言风语本身不伤人，对它的执着计较却能伤到人，一个合格的修行者，是没有计较心的。
[2015-01-29 23:41:36.276] [DEBUG] push-logger - Send Msg to 1954 msg=提醒您今日易贵人助、名声、干扰、风言风语...，邪说常常比真理更像真理，因为邪说更贴近人们的内心需求，邪说是人生路上的最大干扰。
[2015-01-29 23:41:36.278] [DEBUG] push-logger - Send Msg to 1974 msg=提醒您今日易得赏识、提携，升迁...，不知要多少个辗转腾挪才能走完这不易的人生，以至于好机会来临，我们又开始信心不足，犹疑不决。
[2015-01-29 23:41:36.279] [DEBUG] push-logger - Send Msg to 27 msg=提醒您今日易激烈争斗、是非、官非...，“与其能辨、不如能忍”。激烈的是非、争斗损伤很大，但往前细推初始的原因往往很小，当时完全可以不计较。
[2015-01-29 23:41:36.280] [DEBUG] push-logger - Send Msg to 3 msg=提醒您今日易贵人助、名声、干扰、风言风语...，邪说常常比真理更像真理，因为邪说更贴近人们的内心需求，邪说是人生路上的最大干扰。
[2015-01-29 23:41:36.280] [DEBUG] push-logger - get push msg user count = 35
[2015-01-29 23:45:26.790] [DEBUG] push-logger - Send Msg to 1 msg=提醒您今日易利文采、明合暗斗、人心暗散...，看到的未必真实，表面的和睦经常是一种伪装，要用心去体会。“信眼不如信心。”
[2015-01-29 23:45:26.794] [DEBUG] push-logger - Send Msg to 1000 msg=提醒您今日易利文采、明合暗斗、人心暗散...，人心暗散经常因为长期对人对事的犹疑不决，属下无法适从便会明合暗斗。
[2015-01-29 23:45:26.801] [DEBUG] push-logger - Send Msg to 18 msg=提醒您今日易激烈争斗、是非、官非...，拼命坚持自己的见解，顽强的与人争执，是烦恼的成因。
[2015-01-29 23:45:26.802] [DEBUG] push-logger - Send Msg to 1842 msg=提醒您今日易贵人助、名声、干扰、风言风语...，贵人未必是大人物，有巨大启发或接引的平常人同样不能忽视，它们往往是藏于民间的高人。
[2015-01-29 23:45:26.802] [DEBUG] push-logger - Send Msg to 1843 msg=提醒您今日易利文采、明合暗斗、人心暗散...，人心暗散经常因为长期对人对事的犹疑不决，属下无法适从便会明合暗斗。
[2015-01-29 23:45:26.803] [DEBUG] push-logger - Send Msg to 1847 msg=提醒您今日易得赏识、提携，升迁...，遇到好时机切勿犹疑退缩，无法预料这样时机，还要等到何时。
[2015-01-29 23:45:26.804] [DEBUG] push-logger - Send Msg to 1893 msg=提醒您今日易得赏识、提携，升迁...，在得到赏识与升迁背后，失去的不一定是辛勤与努力，而是对正义道德的坚持。
[2015-01-29 23:45:26.804] [DEBUG] push-logger - Send Msg to 1894 msg=提醒您今日易得赏识、提携，升迁...，不知要多少个辗转腾挪才能走完这不易的人生，以至于好机会来临，我们又开始信心不足，犹疑不决。
[2015-01-29 23:45:26.805] [DEBUG] push-logger - Send Msg to 1927 msg=提醒您今日易贵人助、名声、干扰、风言风语...，邪说常常比真理更像真理，因为邪说更贴近人们的内心需求，邪说是人生路上的最大干扰。
[2015-01-29 23:45:26.806] [DEBUG] push-logger - Send Msg to 1954 msg=提醒您今日易贵人助、名声、干扰、风言风语...，贵人未必是大人物，有巨大启发或接引的平常人同样不能忽视，它们往往是藏于民间的高人。
[2015-01-29 23:45:26.806] [DEBUG] push-logger - Send Msg to 1974 msg=提醒您今日易得赏识、提携，升迁...，不知要多少个辗转腾挪才能走完这不易的人生，以至于好机会来临，我们又开始信心不足，犹疑不决。
[2015-01-29 23:45:26.807] [DEBUG] push-logger - Send Msg to 1976 msg=提醒您今日易得赏识、提携，升迁...，在得到赏识与升迁背后，失去的不一定是辛勤与努力，而是对正义道德的坚持。
[2015-01-29 23:45:26.808] [DEBUG] push-logger - Send Msg to 3 msg=提醒您今日易贵人助、名声、干扰、风言风语...，风言风语本身不伤人，对它的执着计较却能伤到人，一个合格的修行者，是没有计较心的。
[2015-01-29 23:45:26.808] [DEBUG] push-logger - get push msg user count = 35
[2015-01-29 23:46:09.749] [DEBUG] push-logger - Send Msg to 1 msg=提醒您今日易利文采、明合暗斗、人心暗散...，人心暗散经常因为长期对人对事的犹疑不决，属下无法适从便会明合暗斗。
[2015-01-29 23:46:09.758] [DEBUG] push-logger - Send Msg to 1000 msg=提醒您今日易利文采、明合暗斗、人心暗散...，看到的未必真实，表面的和睦经常是一种伪装，要用心去体会。“信眼不如信心。”
[2015-01-29 23:46:09.771] [DEBUG] push-logger - Send Msg to 1535 msg=提醒您今日易得赏识、提携，升迁...，遇到好时机切勿犹疑退缩，无法预料这样时机，还要等到何时。
[2015-01-29 23:46:09.772] [DEBUG] push-logger - Send Msg to 18 msg=提醒您今日易激烈争斗、是非、官非...，拼命坚持自己的见解，顽强的与人争执，是烦恼的成因。
[2015-01-29 23:46:09.773] [DEBUG] push-logger - Send Msg to 1842 msg=提醒您今日易贵人助、名声、干扰、风言风语...，风言风语本身不伤人，对它的执着计较却能伤到人，一个合格的修行者，是没有计较心的。
[2015-01-29 23:46:09.778] [DEBUG] push-logger - Send Msg to 1974 msg=提醒您今日易得赏识、提携，升迁...，遇到好时机切勿犹疑退缩，无法预料这样时机，还要等到何时。
[2015-01-29 23:46:09.780] [DEBUG] push-logger - Send Msg to 3 msg=提醒您今日易贵人助、名声、干扰、风言风语...，贵人未必是大人物，有巨大启发或接引的平常人同样不能忽视，它们往往是藏于民间的高人。
[2015-01-29 23:46:09.780] [DEBUG] push-logger - get push msg user count = 35
[2015-01-29 23:49:36.324] [DEBUG] push-logger - Send Msg to 1 msg=提醒您今日易利文采、明合暗斗、人心暗散...，人心暗散经常因为长期对人对事的犹疑不决，属下无法适从便会明合暗斗。
[2015-01-29 23:49:36.333] [DEBUG] push-logger - Send Msg to 1000 msg=提醒您今日易利文采、明合暗斗、人心暗散...，看到的未必真实，表面的和睦经常是一种伪装，要用心去体会。“信眼不如信心。”
[2015-01-29 23:49:36.343] [DEBUG] push-logger - Send Msg to 1535 msg=提醒您今日易得赏识、提携，升迁...，不知要多少个辗转腾挪才能走完这不易的人生，以至于好机会来临，我们又开始信心不足，犹疑不决。
[2015-01-29 23:49:36.344] [DEBUG] push-logger - Send Msg to 18 msg=提醒您今日易激烈争斗、是非、官非...，“这个世界不争高下，只讲慈悲。”即使勉强胜利，争斗后的喜悦也是短暂的，对报复的不安却是长期的。
[2015-01-29 23:49:36.345] [DEBUG] push-logger - Send Msg to 1847 msg=提醒您今日易得赏识、提携，升迁...，在得到赏识与升迁背后，失去的不一定是辛勤与努力，而是对正义道德的坚持。
[2015-01-29 23:49:36.346] [DEBUG] push-logger - Send Msg to 1893 msg=提醒您今日易得赏识、提携，升迁...，不知要多少个辗转腾挪才能走完这不易的人生，以至于好机会来临，我们又开始信心不足，犹疑不决。
[2015-01-29 23:49:36.347] [DEBUG] push-logger - Send Msg to 1894 msg=提醒您今日易得赏识、提携，升迁...，在得到赏识与升迁背后，失去的不一定是辛勤与努力，而是对正义道德的坚持。
[2015-01-29 23:49:36.348] [DEBUG] push-logger - Send Msg to 1926 msg=提醒您今日易得赏识、提携，升迁...，遇到好时机切勿犹疑退缩，无法预料这样时机，还要等到何时。
[2015-01-29 23:49:36.348] [DEBUG] push-logger - Send Msg to 1927 msg=提醒您今日易贵人助、名声、干扰、风言风语...，邪说常常比真理更像真理，因为邪说更贴近人们的内心需求，邪说是人生路上的最大干扰。
[2015-01-29 23:49:36.349] [DEBUG] push-logger - Send Msg to 1954 msg=提醒您今日易贵人助、名声、干扰、风言风语...，邪说常常比真理更像真理，因为邪说更贴近人们的内心需求，邪说是人生路上的最大干扰。
[2015-01-29 23:49:36.350] [DEBUG] push-logger - Send Msg to 1974 msg=提醒您今日易得赏识、提携，升迁...，不知要多少个辗转腾挪才能走完这不易的人生，以至于好机会来临，我们又开始信心不足，犹疑不决。
[2015-01-29 23:49:36.351] [DEBUG] push-logger - Send Msg to 27 msg=提醒您今日易激烈争斗、是非、官非...，“这个世界不争高下，只讲慈悲。”即使勉强胜利，争斗后的喜悦也是短暂的，对报复的不安却是长期的。
[2015-01-29 23:49:36.352] [DEBUG] push-logger - Send Msg to 3 msg=提醒您今日易贵人助、名声、干扰、风言风语...，风言风语本身不伤人，对它的执着计较却能伤到人，一个合格的修行者，是没有计较心的。
[2015-01-29 23:49:36.352] [DEBUG] push-logger - get push msg user count = 35
[2015-01-30 01:10:48.316] [DEBUG] push-logger - get push msg user count = 35
[2015-01-30 01:11:38.206] [DEBUG] push-logger - get push msg user count = 35
[2015-01-30 13:54:19.092] [DEBUG] push-logger - get push msg user count = 35
[2015-01-30 19:46:38.160] [DEBUG] push-logger - get push msg user count = 35
[2015-01-30 19:47:04.845] [DEBUG] push-logger - get push msg user count = 35
[2015-01-31 23:13:49.818] [DEBUG] push-logger - Send Msg to 1 msg=提醒您今日易病缠身、家丑外扬、婆媳不和...，把后院搞和谐，是对一个男人很大的人生考验，这不是外面风光的男人能轻易做到的。
[2015-01-31 23:13:49.823] [DEBUG] push-logger - Send Msg to 1000 msg=提醒您今日易病缠身、家丑外扬、婆媳不和...，同样的事情放到家里，解决的难度就要提高许多倍。古人云，齐家后才能治天下，是非常有道理的。
[2015-01-31 23:13:49.833] [DEBUG] push-logger - Send Msg to 1535 msg=提醒您今日易被异性纠缠不清...，烦恼当中，纠缠最重。总是割舍不下，就会寻找任何机会纠缠不清。当断则断，不要心软。
[2015-01-31 23:14:13.611] [DEBUG] push-logger - Send Msg to 1 msg=提醒您今日易病缠身、家丑外扬、婆媳不和...，把后院搞和谐，是对一个男人很大的人生考验，这不是外面风光的男人能轻易做到的。
[2015-01-31 23:14:13.616] [DEBUG] push-logger - Send Msg to 1535 msg=提醒您今日易被异性纠缠不清...，烦恼当中，纠缠最重。总是割舍不下，就会寻找任何机会纠缠不清。当断则断，不要心软。
[2015-01-31 23:14:13.617] [DEBUG] push-logger - Send Msg to 18 msg=提醒您今日易贵人助、名声、干扰、风言风语...，贵人未必是大人物，有巨大启发或接引的平常人同样不能忽视，它们往往是藏于民间的高人。
[2015-01-31 23:14:13.618] [DEBUG] push-logger - Send Msg to 1842 msg=提醒您今日易激烈争斗、是非、官非...，拼命坚持自己的见解，顽强的与人争执，是烦恼的成因。
[2015-01-31 23:14:13.618] [DEBUG] push-logger - Send Msg to 1843 msg=提醒您今日易病缠身、家丑外扬、婆媳不和...，同样的事情放到家里，解决的难度就要提高许多倍。古人云，齐家后才能治天下，是非常有道理的。
[2015-01-31 23:14:13.618] [DEBUG] push-logger - Send Msg to 1847 msg=提醒您今日易被异性纠缠不清...，烦恼当中，纠缠最重。总是割舍不下，就会寻找任何机会纠缠不清。当断则断，不要心软。
[2015-01-31 23:14:13.619] [DEBUG] push-logger - Send Msg to 1893 msg=提醒您今日易被异性纠缠不清...，真正的大债主，初始总是表现的过于美好，一勺蜂蜜把你带到重重陷阱当中，往往只有重伤才能走出来。
[2015-01-31 23:14:13.620] [DEBUG] push-logger - Send Msg to 1926 msg=提醒您今日易被异性纠缠不清...，真正的大债主，初始总是表现的过于美好，一勺蜂蜜把你带到重重陷阱当中，往往只有重伤才能走出来。
[2015-01-31 23:14:13.620] [DEBUG] push-logger - Send Msg to 1927 msg=提醒您今日易激烈争斗、是非、官非...，“这个世界不争高下，只讲慈悲。”即使勉强胜利，争斗后的喜悦也是短暂的，对报复的不安却是长期的。
[2015-01-31 23:14:13.621] [DEBUG] push-logger - Send Msg to 1954 msg=提醒您今日易激烈争斗、是非、官非...，拼命坚持自己的见解，顽强的与人争执，是烦恼的成因。
[2015-01-31 23:14:13.621] [DEBUG] push-logger - Send Msg to 1974 msg=提醒您今日易被异性纠缠不清...，烦恼当中，纠缠最重。总是割舍不下，就会寻找任何机会纠缠不清。当断则断，不要心软。
[2015-01-31 23:14:13.622] [DEBUG] push-logger - Send Msg to 1976 msg=提醒您今日易被异性纠缠不清...，烦恼当中，纠缠最重。总是割舍不下，就会寻找任何机会纠缠不清。当断则断，不要心软。
[2015-01-31 23:14:13.623] [DEBUG] push-logger - Send Msg to 27 msg=提醒您今日易贵人助、名声、干扰、风言风语...，贵人未必是大人物，有巨大启发或接引的平常人同样不能忽视，它们往往是藏于民间的高人。
[2015-01-31 23:14:13.623] [DEBUG] push-logger - Send Msg to 3 msg=提醒您今日易激烈争斗、是非、官非...，“与其能辨、不如能忍”。激烈的是非、争斗损伤很大，但往前细推初始的原因往往很小，当时完全可以不计较。
[2015-01-31 23:14:13.623] [DEBUG] push-logger - get push msg user count = 35
[2015-01-31 23:18:41.329] [DEBUG] push-logger - Send Msg to 1 msg=提醒您今日易病缠身、家丑外扬、婆媳不和...，前世两个争夺同一个男人的女人，今世定会变成婆媳，又在争夺着同样的东西。
[2015-01-31 23:18:41.337] [DEBUG] push-logger - Send Msg to 1000 msg=提醒您今日易病缠身、家丑外扬、婆媳不和...，前世两个争夺同一个男人的女人，今世定会变成婆媳，又在争夺着同样的东西。
[2015-01-31 23:18:41.354] [DEBUG] push-logger - Send Msg to 18 msg=提醒您今日易贵人助、名声、干扰、风言风语...，风言风语本身不伤人，对它的执着计较却能伤到人，一个合格的修行者，是没有计较心的。
[2015-01-31 23:18:41.356] [DEBUG] push-logger - Send Msg to 1842 msg=提醒您今日易激烈争斗、是非、官非...，“这个世界不争高下，只讲慈悲。”即使勉强胜利，争斗后的喜悦也是短暂的，对报复的不安却是长期的。
[2015-01-31 23:18:41.356] [DEBUG] push-logger - Send Msg to 1843 msg=提醒您今日易病缠身、家丑外扬、婆媳不和...，同样的事情放到家里，解决的难度就要提高许多倍。古人云，齐家后才能治天下，是非常有道理的。
[2015-01-31 23:18:41.357] [DEBUG] push-logger - Send Msg to 1847 msg=提醒您今日易被异性纠缠不清...，我们总爱说结缘，但有些缘分是要尽早结束的，不然就会落在没完没了的纠缠之中，没有觉悟的人生也是如此。
[2015-01-31 23:18:41.359] [DEBUG] push-logger - Send Msg to 1894 msg=提醒您今日易被异性纠缠不清...，我们总爱说结缘，但有些缘分是要尽早结束的，不然就会落在没完没了的纠缠之中，没有觉悟的人生也是如此。
[2015-01-31 23:18:41.360] [DEBUG] push-logger - Send Msg to 1927 msg=提醒您今日易激烈争斗、是非、官非...，“这个世界不争高下，只讲慈悲。”即使勉强胜利，争斗后的喜悦也是短暂的，对报复的不安却是长期的。
[2015-01-31 23:18:41.361] [DEBUG] push-logger - Send Msg to 1974 msg=提醒您今日易被异性纠缠不清...，烦恼当中，纠缠最重。总是割舍不下，就会寻找任何机会纠缠不清。当断则断，不要心软。
[2015-01-31 23:18:41.362] [DEBUG] push-logger - Send Msg to 1976 msg=提醒您今日易被异性纠缠不清...，我们总爱说结缘，但有些缘分是要尽早结束的，不然就会落在没完没了的纠缠之中，没有觉悟的人生也是如此。
[2015-01-31 23:18:41.363] [DEBUG] push-logger - Send Msg to 27 msg=提醒您今日易贵人助、名声、干扰、风言风语...，贵人未必是大人物，有巨大启发或接引的平常人同样不能忽视，它们往往是藏于民间的高人。
[2015-01-31 23:18:41.363] [DEBUG] push-logger - Send Msg to 3 msg=提醒您今日易激烈争斗、是非、官非...，“这个世界不争高下，只讲慈悲。”即使勉强胜利，争斗后的喜悦也是短暂的，对报复的不安却是长期的。
[2015-01-31 23:18:41.363] [DEBUG] push-logger - get push msg user count = 35
[2015-01-31 23:19:04.774] [DEBUG] push-logger - Send Msg to 1 msg=提醒您今日易病缠身、家丑外扬、婆媳不和...，前世两个争夺同一个男人的女人，今世定会变成婆媳，又在争夺着同样的东西。
[2015-01-31 23:19:04.782] [DEBUG] push-logger - Send Msg to 1000 msg=提醒您今日易病缠身、家丑外扬、婆媳不和...，前世两个争夺同一个男人的女人，今世定会变成婆媳，又在争夺着同样的东西。
[2015-01-31 23:19:04.790] [DEBUG] push-logger - Send Msg to 1535 msg=提醒您今日易被异性纠缠不清...，我们总爱说结缘，但有些缘分是要尽早结束的，不然就会落在没完没了的纠缠之中，没有觉悟的人生也是如此。
[2015-01-31 23:19:04.791] [DEBUG] push-logger - Send Msg to 1842 msg=提醒您今日易激烈争斗、是非、官非...，“这个世界不争高下，只讲慈悲。”即使勉强胜利，争斗后的喜悦也是短暂的，对报复的不安却是长期的。
[2015-01-31 23:19:04.791] [DEBUG] push-logger - Send Msg to 1843 msg=提醒您今日易病缠身、家丑外扬、婆媳不和...，前世两个争夺同一个男人的女人，今世定会变成婆媳，又在争夺着同样的东西。
[2015-01-31 23:19:04.791] [DEBUG] push-logger - Send Msg to 1847 msg=提醒您今日易被异性纠缠不清...，真正的大债主，初始总是表现的过于美好，一勺蜂蜜把你带到重重陷阱当中，往往只有重伤才能走出来。
[2015-01-31 23:19:04.792] [DEBUG] push-logger - Send Msg to 1893 msg=提醒您今日易被异性纠缠不清...，真正的大债主，初始总是表现的过于美好，一勺蜂蜜把你带到重重陷阱当中，往往只有重伤才能走出来。
[2015-01-31 23:19:04.793] [DEBUG] push-logger - Send Msg to 1926 msg=提醒您今日易被异性纠缠不清...，我们总爱说结缘，但有些缘分是要尽早结束的，不然就会落在没完没了的纠缠之中，没有觉悟的人生也是如此。
[2015-01-31 23:19:04.793] [DEBUG] push-logger - Send Msg to 1927 msg=提醒您今日易激烈争斗、是非、官非...，“这个世界不争高下，只讲慈悲。”即使勉强胜利，争斗后的喜悦也是短暂的，对报复的不安却是长期的。
[2015-01-31 23:19:04.794] [DEBUG] push-logger - Send Msg to 1974 msg=提醒您今日易被异性纠缠不清...，我们总爱说结缘，但有些缘分是要尽早结束的，不然就会落在没完没了的纠缠之中，没有觉悟的人生也是如此。
[2015-01-31 23:19:04.794] [DEBUG] push-logger - Send Msg to 1976 msg=提醒您今日易被异性纠缠不清...，烦恼当中，纠缠最重。总是割舍不下，就会寻找任何机会纠缠不清。当断则断，不要心软。
[2015-01-31 23:19:04.795] [DEBUG] push-logger - Send Msg to 27 msg=提醒您今日易贵人助、名声、干扰、风言风语...，风言风语本身不伤人，对它的执着计较却能伤到人，一个合格的修行者，是没有计较心的。
[2015-01-31 23:19:04.795] [DEBUG] push-logger - Send Msg to 3 msg=提醒您今日易激烈争斗、是非、官非...，“与其能辨、不如能忍”。激烈的是非、争斗损伤很大，但往前细推初始的原因往往很小，当时完全可以不计较。
[2015-01-31 23:19:04.795] [DEBUG] push-logger - get push msg user count = 35
[2015-01-31 23:19:33.308] [DEBUG] push-logger - Send Msg to 1 msg=提醒您今日易病缠身、家丑外扬、婆媳不和...，前世两个争夺同一个男人的女人，今世定会变成婆媳，又在争夺着同样的东西。
[2015-01-31 23:19:33.315] [DEBUG] push-logger - Send Msg to 1000 msg=提醒您今日易病缠身、家丑外扬、婆媳不和...，把后院搞和谐，是对一个男人很大的人生考验，这不是外面风光的男人能轻易做到的。
[2015-01-31 23:19:33.326] [DEBUG] push-logger - Send Msg to 1535 msg=提醒您今日易被异性纠缠不清...，真正的大债主，初始总是表现的过于美好，一勺蜂蜜把你带到重重陷阱当中，往往只有重伤才能走出来。
[2015-01-31 23:19:33.327] [DEBUG] push-logger - Send Msg to 18 msg=提醒您今日易贵人助、名声、干扰、风言风语...，邪说常常比真理更像真理，因为邪说更贴近人们的内心需求，邪说是人生路上的最大干扰。
[2015-01-31 23:19:33.327] [DEBUG] push-logger - Send Msg to 1842 msg=提醒您今日易激烈争斗、是非、官非...，“与其能辨、不如能忍”。激烈的是非、争斗损伤很大，但往前细推初始的原因往往很小，当时完全可以不计较。
[2015-01-31 23:19:33.327] [DEBUG] push-logger - Send Msg to 1843 msg=提醒您今日易病缠身、家丑外扬、婆媳不和...，同样的事情放到家里，解决的难度就要提高许多倍。古人云，齐家后才能治天下，是非常有道理的。
[2015-01-31 23:19:33.330] [DEBUG] push-logger - Send Msg to 1893 msg=提醒您今日易被异性纠缠不清...，我们总爱说结缘，但有些缘分是要尽早结束的，不然就会落在没完没了的纠缠之中，没有觉悟的人生也是如此。
[2015-01-31 23:19:33.330] [DEBUG] push-logger - Send Msg to 1894 msg=提醒您今日易被异性纠缠不清...，真正的大债主，初始总是表现的过于美好，一勺蜂蜜把你带到重重陷阱当中，往往只有重伤才能走出来。
[2015-01-31 23:19:33.331] [DEBUG] push-logger - Send Msg to 1926 msg=提醒您今日易被异性纠缠不清...，烦恼当中，纠缠最重。总是割舍不下，就会寻找任何机会纠缠不清。当断则断，不要心软。
[2015-01-31 23:19:33.331] [DEBUG] push-logger - Send Msg to 1927 msg=提醒您今日易激烈争斗、是非、官非...，“这个世界不争高下，只讲慈悲。”即使勉强胜利，争斗后的喜悦也是短暂的，对报复的不安却是长期的。
[2015-01-31 23:19:33.332] [DEBUG] push-logger - Send Msg to 1954 msg=提醒您今日易激烈争斗、是非、官非...，“这个世界不争高下，只讲慈悲。”即使勉强胜利，争斗后的喜悦也是短暂的，对报复的不安却是长期的。
[2015-01-31 23:19:33.333] [DEBUG] push-logger - Send Msg to 1976 msg=提醒您今日易被异性纠缠不清...，烦恼当中，纠缠最重。总是割舍不下，就会寻找任何机会纠缠不清。当断则断，不要心软。
[2015-01-31 23:19:33.335] [DEBUG] push-logger - Send Msg to 27 msg=提醒您今日易贵人助、名声、干扰、风言风语...，贵人未必是大人物，有巨大启发或接引的平常人同样不能忽视，它们往往是藏于民间的高人。
[2015-01-31 23:19:33.335] [DEBUG] push-logger - get push msg user count = 35
[2015-01-31 23:19:49.694] [DEBUG] push-logger - Send Msg to 1000 msg=提醒您今日易病缠身、家丑外扬、婆媳不和...，把后院搞和谐，是对一个男人很大的人生考验，这不是外面风光的男人能轻易做到的。
[2015-01-31 23:19:49.707] [DEBUG] push-logger - Send Msg to 1535 msg=提醒您今日易被异性纠缠不清...，真正的大债主，初始总是表现的过于美好，一勺蜂蜜把你带到重重陷阱当中，往往只有重伤才能走出来。
[2015-01-31 23:19:49.712] [DEBUG] push-logger - Send Msg to 18 msg=提醒您今日易贵人助、名声、干扰、风言风语...，贵人未必是大人物，有巨大启发或接引的平常人同样不能忽视，它们往往是藏于民间的高人。
[2015-01-31 23:19:49.713] [DEBUG] push-logger - Send Msg to 1842 msg=提醒您今日易激烈争斗、是非、官非...，“与其能辨、不如能忍”。激烈的是非、争斗损伤很大，但往前细推初始的原因往往很小，当时完全可以不计较。
[2015-01-31 23:19:49.713] [DEBUG] push-logger - Send Msg to 1843 msg=提醒您今日易病缠身、家丑外扬、婆媳不和...，把后院搞和谐，是对一个男人很大的人生考验，这不是外面风光的男人能轻易做到的。
[2015-01-31 23:19:49.716] [DEBUG] push-logger - Send Msg to 1894 msg=提醒您今日易被异性纠缠不清...，烦恼当中，纠缠最重。总是割舍不下，就会寻找任何机会纠缠不清。当断则断，不要心软。
[2015-01-31 23:19:49.717] [DEBUG] push-logger - Send Msg to 1927 msg=提醒您今日易激烈争斗、是非、官非...，“与其能辨、不如能忍”。激烈的是非、争斗损伤很大，但往前细推初始的原因往往很小，当时完全可以不计较。
[2015-01-31 23:19:49.718] [DEBUG] push-logger - Send Msg to 1954 msg=提醒您今日易激烈争斗、是非、官非...，拼命坚持自己的见解，顽强的与人争执，是烦恼的成因。
[2015-01-31 23:19:49.719] [DEBUG] push-logger - Send Msg to 1974 msg=提醒您今日易被异性纠缠不清...，烦恼当中，纠缠最重。总是割舍不下，就会寻找任何机会纠缠不清。当断则断，不要心软。
[2015-01-31 23:19:49.719] [DEBUG] push-logger - Send Msg to 1976 msg=提醒您今日易被异性纠缠不清...，我们总爱说结缘，但有些缘分是要尽早结束的，不然就会落在没完没了的纠缠之中，没有觉悟的人生也是如此。
[2015-01-31 23:19:49.720] [DEBUG] push-logger - Send Msg to 27 msg=提醒您今日易贵人助、名声、干扰、风言风语...，邪说常常比真理更像真理，因为邪说更贴近人们的内心需求，邪说是人生路上的最大干扰。
[2015-01-31 23:19:49.721] [DEBUG] push-logger - Send Msg to 3 msg=提醒您今日易激烈争斗、是非、官非...，拼命坚持自己的见解，顽强的与人争执，是烦恼的成因。
[2015-01-31 23:19:49.721] [DEBUG] push-logger - get push msg user count = 35
[2015-01-31 23:21:18.525] [DEBUG] push-logger - Send Msg to 1 msg=提醒您今日易病缠身、家丑外扬、婆媳不和...，同样的事情放到家里，解决的难度就要提高许多倍。古人云，齐家后才能治天下，是非常有道理的。
[2015-01-31 23:21:18.532] [DEBUG] push-logger - Send Msg to 1535 msg=提醒您今日易被异性纠缠不清...，真正的大债主，初始总是表现的过于美好，一勺蜂蜜把你带到重重陷阱当中，往往只有重伤才能走出来。
[2015-01-31 23:21:18.533] [DEBUG] push-logger - Send Msg to 18 msg=提醒您今日易贵人助、名声、干扰、风言风语...，邪说常常比真理更像真理，因为邪说更贴近人们的内心需求，邪说是人生路上的最大干扰。
[2015-01-31 23:21:18.534] [DEBUG] push-logger - Send Msg to 1843 msg=提醒您今日易病缠身、家丑外扬、婆媳不和...，前世两个争夺同一个男人的女人，今世定会变成婆媳，又在争夺着同样的东西。
[2015-01-31 23:21:18.534] [DEBUG] push-logger - Send Msg to 1847 msg=提醒您今日易被异性纠缠不清...，真正的大债主，初始总是表现的过于美好，一勺蜂蜜把你带到重重陷阱当中，往往只有重伤才能走出来。
[2015-01-31 23:21:18.535] [DEBUG] push-logger - Send Msg to 1893 msg=提醒您今日易被异性纠缠不清...，烦恼当中，纠缠最重。总是割舍不下，就会寻找任何机会纠缠不清。当断则断，不要心软。
[2015-01-31 23:21:18.536] [DEBUG] push-logger - Send Msg to 1926 msg=提醒您今日易被异性纠缠不清...，我们总爱说结缘，但有些缘分是要尽早结束的，不然就会落在没完没了的纠缠之中，没有觉悟的人生也是如此。
[2015-01-31 23:21:18.537] [DEBUG] push-logger - Send Msg to 1927 msg=提醒您今日易激烈争斗、是非、官非...，“这个世界不争高下，只讲慈悲。”即使勉强胜利，争斗后的喜悦也是短暂的，对报复的不安却是长期的。
[2015-01-31 23:21:18.537] [DEBUG] push-logger - Send Msg to 1954 msg=提醒您今日易激烈争斗、是非、官非...，“这个世界不争高下，只讲慈悲。”即使勉强胜利，争斗后的喜悦也是短暂的，对报复的不安却是长期的。
[2015-01-31 23:21:18.538] [DEBUG] push-logger - Send Msg to 1974 msg=提醒您今日易被异性纠缠不清...，真正的大债主，初始总是表现的过于美好，一勺蜂蜜把你带到重重陷阱当中，往往只有重伤才能走出来。
[2015-01-31 23:21:18.539] [DEBUG] push-logger - Send Msg to 27 msg=提醒您今日易贵人助、名声、干扰、风言风语...，邪说常常比真理更像真理，因为邪说更贴近人们的内心需求，邪说是人生路上的最大干扰。
[2015-01-31 23:21:18.540] [DEBUG] push-logger - Send Msg to 3 msg=提醒您今日易激烈争斗、是非、官非...，“与其能辨、不如能忍”。激烈的是非、争斗损伤很大，但往前细推初始的原因往往很小，当时完全可以不计较。
[2015-01-31 23:21:18.540] [DEBUG] push-logger - get push msg user count = 35
[2015-01-31 23:40:08.118] [DEBUG] push-logger - Send Msg to 1000 msg=提醒您今日易病缠身、家丑外扬、婆媳不和...，把后院搞和谐，是对一个男人很大的人生考验，这不是外面风光的男人能轻易做到的。
[2015-01-31 23:40:08.125] [DEBUG] push-logger - Send Msg to 1535 msg=提醒您今日易被异性纠缠不清...，我们总爱说结缘，但有些缘分是要尽早结束的，不然就会落在没完没了的纠缠之中，没有觉悟的人生也是如此。
[2015-01-31 23:40:22.024] [DEBUG] push-logger - Send Msg to 1000 msg=提醒您今日易病缠身、家丑外扬、婆媳不和...，前世两个争夺同一个男人的女人，今世定会变成婆媳，又在争夺着同样的东西。
[2015-01-31 23:40:22.039] [DEBUG] push-logger - Send Msg to 1535 msg=提醒您今日易被异性纠缠不清...，烦恼当中，纠缠最重。总是割舍不下，就会寻找任何机会纠缠不清。当断则断，不要心软。
[2015-01-31 23:40:22.043] [DEBUG] push-logger - Send Msg to 1847 msg=提醒您今日易被异性纠缠不清...，烦恼当中，纠缠最重。总是割舍不下，就会寻找任何机会纠缠不清。当断则断，不要心软。
[2015-01-31 23:40:22.044] [DEBUG] push-logger - Send Msg to 1894 msg=提醒您今日易被异性纠缠不清...，烦恼当中，纠缠最重。总是割舍不下，就会寻找任何机会纠缠不清。当断则断，不要心软。
[2015-01-31 23:40:22.044] [DEBUG] push-logger - Send Msg to 1926 msg=提醒您今日易被异性纠缠不清...，我们总爱说结缘，但有些缘分是要尽早结束的，不然就会落在没完没了的纠缠之中，没有觉悟的人生也是如此。
[2015-01-31 23:40:22.045] [DEBUG] push-logger - Send Msg to 1954 msg=提醒您今日易激烈争斗、是非、官非...，拼命坚持自己的见解，顽强的与人争执，是烦恼的成因。
[2015-01-31 23:40:22.046] [DEBUG] push-logger - Send Msg to 1974 msg=提醒您今日易被异性纠缠不清...，烦恼当中，纠缠最重。总是割舍不下，就会寻找任何机会纠缠不清。当断则断，不要心软。
[2015-01-31 23:40:22.046] [DEBUG] push-logger - Send Msg to 1976 msg=提醒您今日易被异性纠缠不清...，我们总爱说结缘，但有些缘分是要尽早结束的，不然就会落在没完没了的纠缠之中，没有觉悟的人生也是如此。
[2015-01-31 23:40:22.047] [DEBUG] push-logger - Send Msg to 27 msg=提醒您今日易贵人助、名声、干扰、风言风语...，贵人未必是大人物，有巨大启发或接引的平常人同样不能忽视，它们往往是藏于民间的高人。
[2015-01-31 23:40:22.047] [DEBUG] push-logger - Send Msg to 3 msg=提醒您今日易激烈争斗、是非、官非...，拼命坚持自己的见解，顽强的与人争执，是烦恼的成因。
[2015-01-31 23:40:22.047] [DEBUG] push-logger - get push msg user count = 35
[2015-01-31 23:40:30.197] [DEBUG] push-logger - Send Msg to 1 msg=提醒您今日易病缠身、家丑外扬、婆媳不和...，把后院搞和谐，是对一个男人很大的人生考验，这不是外面风光的男人能轻易做到的。
[2015-01-31 23:40:30.207] [DEBUG] push-logger - Send Msg to 18 msg=提醒您今日易贵人助、名声、干扰、风言风语...，风言风语本身不伤人，对它的执着计较却能伤到人，一个合格的修行者，是没有计较心的。
[2015-01-31 23:40:30.208] [DEBUG] push-logger - Send Msg to 1843 msg=提醒您今日易病缠身、家丑外扬、婆媳不和...，前世两个争夺同一个男人的女人，今世定会变成婆媳，又在争夺着同样的东西。
[2015-01-31 23:40:30.209] [DEBUG] push-logger - Send Msg to 1847 msg=提醒您今日易被异性纠缠不清...，真正的大债主，初始总是表现的过于美好，一勺蜂蜜把你带到重重陷阱当中，往往只有重伤才能走出来。
[2015-01-31 23:40:30.211] [DEBUG] push-logger - Send Msg to 1893 msg=提醒您今日易被异性纠缠不清...，烦恼当中，纠缠最重。总是割舍不下，就会寻找任何机会纠缠不清。当断则断，不要心软。
[2015-01-31 23:40:30.212] [DEBUG] push-logger - Send Msg to 1927 msg=提醒您今日易激烈争斗、是非、官非...，“与其能辨、不如能忍”。激烈的是非、争斗损伤很大，但往前细推初始的原因往往很小，当时完全可以不计较。
[2015-01-31 23:40:30.214] [DEBUG] push-logger - Send Msg to 1976 msg=提醒您今日易被异性纠缠不清...，真正的大债主，初始总是表现的过于美好，一勺蜂蜜把你带到重重陷阱当中，往往只有重伤才能走出来。
[2015-01-31 23:40:30.215] [DEBUG] push-logger - get push msg user count = 35
[2015-02-01 00:40:56.059] [DEBUG] push-logger - Send Msg to 1 msg=提醒您今日易旺文昌、利扬名、贵而不富、情色之烦...，“一切和合事物皆无常。”名扬天下与声名狼藉经常是瞬间转换。
[2015-02-01 00:40:56.063] [DEBUG] push-logger - Send Msg to 1000 msg=提醒您今日易旺文昌、利扬名、贵而不富、情色之烦...，因才华横溢有公众影响力也是桃花旺的表现，但是色难也会如影随形。
[2015-02-01 00:40:56.071] [DEBUG] push-logger - Send Msg to 13 msg=提醒您今日易事多、劳碌、多忧虑...，不宜再主动招惹事非，只需忙好手边事即可。劳碌伤身但不要伤心，做事最好过脑不过心，祝心安。
[2015-02-01 00:40:56.072] [DEBUG] push-logger - Send Msg to 1535 msg=提醒您今日易官场暗算、市场失策、情场危机...，运程超低正是修行的时机。真正的修行之路是条荆棘路，不是世人趋之若鹜的金光大道。
[2015-02-01 00:40:56.073] [DEBUG] push-logger - Send Msg to 1843 msg=提醒您今日易旺文昌、利扬名、贵而不富、情色之烦...，名望相比金钱，内心的喜悦停留时间更长，但身心的消耗也更大，还会有情色之烦
[2015-02-01 00:40:56.073] [DEBUG] push-logger - Send Msg to 1846 msg= 提醒您今日易事多、劳碌、多忧虑...，不宜再主动招惹事非，只需忙好手边事即可。忧虑多来自对未来的恐慌，却对解决问题无任何益处。
[2015-02-01 00:40:56.075] [DEBUG] push-logger - Send Msg to 1894 msg=提醒您今日易官场暗算、市场失策、情场危机...，“智者千虑，必有一失；愚者千虑，必有一得。”失策未必都是思虑问题。
[2015-02-01 00:40:56.076] [DEBUG] push-logger - Send Msg to 1926 msg=提醒您今日易官场暗算、市场失策、情场危机...，“贫可转富，贱能嫌贵，富可致贫，贵亦招灾。”世间生灭无常，一场大梦而已。
[2015-02-01 00:40:56.077] [DEBUG] push-logger - Send Msg to 1974 msg=提醒您今日易官场暗算、市场失策、情场危机...，“贫可转富，贱能嫌贵，富可致贫，贵亦招灾。”世间生灭无常，一场大梦而已。
[2015-02-01 00:40:56.077] [DEBUG] push-logger - Send Msg to 1976 msg=提醒您今日易官场暗算、市场失策、情场危机...，运程超低正是修行的时机。真正的修行之路是条荆棘路，不是世人趋之若鹜的金光大道。
[2015-02-01 00:40:56.078] [DEBUG] push-logger - Send Msg to 3 msg=提醒您今日易争执、因财伤身...，柔顺是从刚直变来，和谐是由矛盾变来。冲突到来往往积蓄很久，恰恰也是转变的机遇。
[2015-02-01 00:40:56.079] [DEBUG] push-logger - get push msg user count = 35
[2015-02-01 00:41:25.183] [DEBUG] push-logger - Send Msg to 1 msg=提醒您今日易旺文昌、利扬名、贵而不富、情色之烦...，名望相比金钱，内心的喜悦停留时间更长，但身心的消耗也更大，还会有情色之烦
[2015-02-01 00:41:25.190] [DEBUG] push-logger - Send Msg to 1000 msg=提醒您今日易旺文昌、利扬名、贵而不富、情色之烦...，名望相比金钱，内心的喜悦停留时间更长，但身心的消耗也更大，还会有情色之烦
[2015-02-01 00:41:25.198] [DEBUG] push-logger - Send Msg to 13 msg=提醒您今日易事多、劳碌、多忧虑...，不宜再主动招惹事非，只需忙好手边事即可。劳碌伤身但不要伤心，做事最好过脑不过心，祝心安。
[2015-02-01 00:41:25.199] [DEBUG] push-logger - Send Msg to 1535 msg=提醒您今日易官场暗算、市场失策、情场危机...，运程超低正是修行的时机。真正的修行之路是条荆棘路，不是世人趋之若鹜的金光大道。
[2015-02-01 00:41:25.200] [DEBUG] push-logger - Send Msg to 1846 msg= 提醒您今日易事多、劳碌、多忧虑...，不宜再主动招惹事非，只需忙好手边事即可。忧虑多来自对未来的恐慌，却对解决问题无任何益处。
[2015-02-01 00:41:25.200] [DEBUG] push-logger - Send Msg to 1847 msg=提醒您今日易官场暗算、市场失策、情场危机...，“智者千虑，必有一失；愚者千虑，必有一得。”失策未必都是思虑问题。
[2015-02-01 00:41:25.202] [DEBUG] push-logger - Send Msg to 1893 msg=提醒您今日易官场暗算、市场失策、情场危机...，“贫可转富，贱能嫌贵，富可致贫，贵亦招灾。”世间生灭无常，一场大梦而已。
[2015-02-01 00:41:25.202] [DEBUG] push-logger - Send Msg to 1894 msg=提醒您今日易官场暗算、市场失策、情场危机...，“贫可转富，贱能嫌贵，富可致贫，贵亦招灾。”世间生灭无常，一场大梦而已。
[2015-02-01 00:41:25.203] [DEBUG] push-logger - Send Msg to 1926 msg=提醒您今日易官场暗算、市场失策、情场危机...，“贫可转富，贱能嫌贵，富可致贫，贵亦招灾。”世间生灭无常，一场大梦而已。
[2015-02-01 00:41:25.204] [DEBUG] push-logger - Send Msg to 1927 msg=提醒您今日易争执、因财伤身...，明明被钱赚走了一切，却偏偏说在赚钱，因财伤身恰恰就是印证。
[2015-02-01 00:41:25.204] [DEBUG] push-logger - Send Msg to 1954 msg=提醒您今日易争执、因财伤身...，柔顺是从刚直变来，和谐是由矛盾变来。冲突到来往往积蓄很久，恰恰也是转变的机遇。
[2015-02-01 00:41:25.205] [DEBUG] push-logger - Send Msg to 1974 msg=提醒您今日易官场暗算、市场失策、情场危机...，“贫可转富，贱能嫌贵，富可致贫，贵亦招灾。”世间生灭无常，一场大梦而已。
[2015-02-01 00:41:25.206] [DEBUG] push-logger - Send Msg to 27 msg=提醒您今日易破财伤身、心有叛逆...，破财与进财有时是同时的，无财可进往往就无财可破，只进而不破，恰恰潜藏着很大的危机。持中道而行。
[2015-02-01 00:41:25.207] [DEBUG] push-logger - Send Msg to 3 msg=提醒您今日易争执、因财伤身...，财色是对身体最大的伤害，因为人对它们的执着最重，死死的把住不肯放手，于是竞争变成斗争，斗争变成战争。
[2015-02-01 00:41:25.207] [DEBUG] push-logger - get push msg user count = 35
[2015-02-01 00:53:50.037] [DEBUG] push-logger - Send Msg to 1 msg=提醒您今日易旺文昌、利扬名、贵而不富、情色之烦...，名望相比金钱，内心的喜悦停留时间更长，但身心的消耗也更大，还会有情色之烦
[2015-02-01 00:53:50.041] [DEBUG] push-logger - Send Msg to 1000 msg=提醒您今日易旺文昌、利扬名、贵而不富、情色之烦...，因才华横溢有公众影响力也是桃花旺的表现，但是色难也会如影随形。
[2015-02-01 00:53:50.049] [DEBUG] push-logger - Send Msg to 1535 msg=提醒您今日易官场暗算、市场失策、情场危机...，“智者千虑，必有一失；愚者千虑，必有一得。”失策未必都是思虑问题。
[2015-02-01 00:53:50.050] [DEBUG] push-logger - Send Msg to 18 msg=提醒您今日易破财伤身、心有叛逆...，破财与进财有时是同时的，无财可进往往就无财可破，只进而不破，恰恰潜藏着很大的危机。持中道而行。
[2015-02-01 00:53:50.050] [DEBUG] push-logger - Send Msg to 1843 msg=提醒您今日易旺文昌、利扬名、贵而不富、情色之烦...，因才华横溢有公众影响力也是桃花旺的表现，但是色难也会如影随形。
[2015-02-01 00:53:50.051] [DEBUG] push-logger - Send Msg to 1846 msg=提醒您今日易事多、劳碌、多忧虑...，不宜再主动招惹事非，只需忙好手边事即可。“只问耕耘，不问收获。”别太在意结果。
[2015-02-01 00:53:50.052] [DEBUG] push-logger - Send Msg to 1893 msg=提醒您今日易官场暗算、市场失策、情场危机...，运程超低正是修行的时机。真正的修行之路是条荆棘路，不是世人趋之若鹜的金光大道。
[2015-02-01 00:53:50.053] [DEBUG] push-logger - Send Msg to 1926 msg=提醒您今日易官场暗算、市场失策、情场危机...，“贫可转富，贱能嫌贵，富可致贫，贵亦招灾。”世间生灭无常，一场大梦而已。
[2015-02-01 00:53:50.053] [DEBUG] push-logger - Send Msg to 1927 msg=提醒您今日易争执、因财伤身...，柔顺是从刚直变来，和谐是由矛盾变来。冲突到来往往积蓄很久，恰恰也是转变的机遇。
[2015-02-01 00:53:50.054] [DEBUG] push-logger - Send Msg to 1954 msg=提醒您今日易争执、因财伤身...，财色是对身体最大的伤害，因为人对它们的执着最重，死死的把住不肯放手，于是竞争变成斗争，斗争变成战争。
[2015-02-01 00:53:50.054] [DEBUG] push-logger - Send Msg to 1974 msg=提醒您今日易官场暗算、市场失策、情场危机...，“贫可转富，贱能嫌贵，富可致贫，贵亦招灾。”世间生灭无常，一场大梦而已。
[2015-02-01 00:53:50.055] [DEBUG] push-logger - Send Msg to 1976 msg=提醒您今日易官场暗算、市场失策、情场危机...，运程超低正是修行的时机。真正的修行之路是条荆棘路，不是世人趋之若鹜的金光大道。
[2015-02-01 00:53:50.056] [DEBUG] push-logger - Send Msg to 3 msg=提醒您今日易争执、因财伤身...，柔顺是从刚直变来，和谐是由矛盾变来。冲突到来往往积蓄很久，恰恰也是转变的机遇。
[2015-02-01 00:53:50.056] [DEBUG] push-logger - get push msg user count = 35
